This is pdfTeX, Version 3.141592653-2.6-1.40.25 (TeX Live 2023/Debian) (preloaded format=pdflatex 2025.10.31)  10 DEC 2025 09:22
entering extended mode
 restricted \write18 enabled.
 %&-line parsing enabled.
**refman
(./refman.tex
LaTeX2e <2023-11-01> patch level 1
L3 programming layer <2024-01-22>

(/usr/share/texlive/texmf-dist/tex/latex/base/book.cls
Document Class: book 2023/05/17 v1.4n Standard LaTeX document class
(/usr/share/texlive/texmf-dist/tex/latex/base/bk10.clo
File: bk10.clo 2023/05/17 v1.4n Standard LaTeX file (size option)
)
\c@part=\count187
\c@chapter=\count188
\c@section=\count189
\c@subsection=\count190
\c@subsubsection=\count191
\c@paragraph=\count192
\c@subparagraph=\count193
\c@figure=\count194
\c@table=\count195
\abovecaptionskip=\skip48
\belowcaptionskip=\skip49
\bibindent=\dimen140
) (/usr/share/texlive/texmf-dist/tex/latex/base/ifthen.sty
Package: ifthen 2022/04/13 v1.1d Standard LaTeX ifthen package (DPC)
) (/usr/share/texlive/texmf-dist/tex/latex/tools/array.sty
Rollback for package 'array' requested -> date 2016-10-06.
         Best approximation is the release introduced on 2016-10-06.
(/usr/share/texlive/texmf-dist/tex/latex/tools/array-2016-10-06.sty
Package: array 2016/10/06 v2.4d Tabular extension package (FMi)
\col@sep=\dimen141
\extrarowheight=\dimen142
\NC@list=\toks17
\extratabsurround=\skip50
\backup@length=\skip51
)) (/usr/share/texlive/texmf-dist/tex/generic/infwarerr/infwarerr.sty
package info suppressed
) (./doxygen.sty
Package: doxygen 
(/usr/share/texlive/texmf-dist/tex/latex/base/alltt.sty
Package: alltt 2021/01/29 v2.0g defines alltt environment
) (/usr/share/texlive/texmf-dist/tex/latex/tools/calc.sty
Package: calc 2023/07/08 v4.3 Infix arithmetic (KKT,FJ)
\calc@Acount=\count196
\calc@Bcount=\count197
\calc@Adimen=\dimen143
\calc@Bdimen=\dimen144
\calc@Askip=\skip52
\calc@Bskip=\skip53
LaTeX Info: Redefining \setlength on input line 80.
LaTeX Info: Redefining \addtolength on input line 81.
\calc@Ccount=\count198
\calc@Cskip=\skip54
) (/usr/share/texlive/texmf-dist/tex/latex/float/float.sty
Package: float 2001/11/08 v1.3d Float enhancements (AL)
\c@float@type=\count199
\float@exts=\toks18
\float@box=\box51
\@float@everytoks=\toks19
\@floatcapt=\box52
) (/usr/share/texlive/texmf-dist/tex/latex/tools/verbatim.sty
Package: verbatim 2023-11-06 v1.5v LaTeX2e package for verbatim enhancements
\every@verbatim=\toks20
\verbatim@line=\toks21
\verbatim@in@stream=\read2
) (/usr/share/texlive/texmf-dist/tex/latex/xcolor/xcolor.sty
Package: xcolor 2023/11/15 v3.01 LaTeX color extensions (UK)
(/usr/share/texlive/texmf-dist/tex/latex/graphics-cfg/color.cfg
File: color.cfg 2016/01/02 v1.6 sample color configuration
)
Package xcolor Info: Driver file: pdftex.def on input line 274.
(/usr/share/texlive/texmf-dist/tex/latex/graphics-def/pdftex.def
File: pdftex.def 2022/09/22 v1.2b Graphics/color driver for pdftex
) (/usr/share/texlive/texmf-dist/tex/latex/graphics/mathcolor.ltx)
Package xcolor Info: Model `cmy' substituted by `cmy0' on input line 1350.
Package xcolor Info: Model `hsb' substituted by `rgb' on input line 1354.
Package xcolor Info: Model `RGB' extended on input line 1366.
Package xcolor Info: Model `HTML' substituted by `rgb' on input line 1368.
Package xcolor Info: Model `Hsb' substituted by `hsb' on input line 1369.
Package xcolor Info: Model `tHsb' substituted by `hsb' on input line 1370.
Package xcolor Info: Model `HSB' substituted by `hsb' on input line 1371.
Package xcolor Info: Model `Gray' substituted by `gray' on input line 1372.
Package xcolor Info: Model `wave' substituted by `hsb' on input line 1373.
) (/usr/share/texlive/texmf-dist/tex/latex/colortbl/colortbl.sty
Package: colortbl 2022/06/20 v1.0f Color table columns (DPC)
\everycr=\toks22
\minrowclearance=\skip55
\rownum=\count266
) (./longtable_doxygen.sty
Package: longtable_doxygen 2014/10/28 v4.11 Multi-page Table package (DPC) - fr
ozen version for doxygen
\LTleft=\skip56
\LTright=\skip57
\LTpre=\skip58
\LTpost=\skip59
\LTchunksize=\count267
\LTcapwidth=\dimen145
\LT@head=\box53
\LT@firsthead=\box54
\LT@foot=\box55
\LT@lastfoot=\box56
\LT@cols=\count268
\LT@rows=\count269
\c@LT@tables=\count270
\c@LT@chunks=\count271
\LT@p@ftn=\toks23
) (./tabu_doxygen.sty
Package: tabu_doxygen 2011/02/26 v2.8 - flexible LaTeX tabulars (FC), frozen ve
rsion for doxygen
(/usr/share/texlive/texmf-dist/tex/latex/varwidth/varwidth.sty
Package: varwidth 2009/03/30 ver 0.92;  Variable-width minipages
\@vwid@box=\box57
\sift@deathcycles=\count272
\@vwid@loff=\dimen146
\@vwid@roff=\dimen147
)
\c@taburow=\count273
\tabu@nbcols=\count274
\tabu@cnt=\count275
\tabu@Xcol=\count276
\tabu@alloc=\count277
\tabu@nested=\count278
\tabu@target=\dimen148
\tabu@spreadtarget=\dimen149
\tabu@naturalX=\dimen150
\tabucolX=\dimen151
\tabu@Xsum=\dimen152
\extrarowdepth=\dimen153
\abovetabulinesep=\dimen154
\belowtabulinesep=\dimen155
\tabustrutrule=\dimen156
\tabu@thebody=\toks24
\tabu@footnotes=\toks25
\tabu@box=\box58
\tabu@arstrutbox=\box59
\tabu@hleads=\box60
\tabu@vleads=\box61
\tabu@cellskip=\skip60
) (/usr/share/texlive/texmf-dist/tex/latex/fancyvrb/fancyvrb.sty
Package: fancyvrb 2024/01/20 4.5c verbatim text (tvz,hv)
(/usr/share/texlive/texmf-dist/tex/latex/graphics/keyval.sty
Package: keyval 2022/05/29 v1.15 key=value parser (DPC)
\KV@toks@=\toks26
)
\FV@CodeLineNo=\count279
\FV@InFile=\read3
\FV@TabBox=\box62
\c@FancyVerbLine=\count280
\FV@StepNumber=\count281
\FV@OutFile=\write3
) (/usr/share/texlive/texmf-dist/tex/latex/tools/tabularx.sty
Package: tabularx 2023/07/08 v2.11c `tabularx' package (DPC)
\TX@col@width=\dimen157
\TX@old@table=\dimen158
\TX@old@col=\dimen159
\TX@target=\dimen160
\TX@delta=\dimen161
\TX@cols=\count282
\TX@ftn=\toks27
) (/usr/share/texlive/texmf-dist/tex/latex/tools/multicol.sty
Package: multicol 2023/03/30 v1.9f multicolumn formatting (FMi)
\c@tracingmulticols=\count283
\mult@box=\box63
\multicol@leftmargin=\dimen162
\c@unbalance=\count284
\c@collectmore=\count285
\doublecol@number=\count286
\multicoltolerance=\count287
\multicolpretolerance=\count288
\full@width=\dimen163
\page@free=\dimen164
\premulticols=\dimen165
\postmulticols=\dimen166
\multicolsep=\skip61
\multicolbaselineskip=\skip62
\partial@page=\box64
\last@line=\box65
\mc@boxedresult=\box66
\maxbalancingoverflow=\dimen167
\mult@rightbox=\box67
\mult@grightbox=\box68
\mult@firstbox=\box69
\mult@gfirstbox=\box70
\@tempa=\box71
\@tempa=\box72
\@tempa=\box73
\@tempa=\box74
\@tempa=\box75
\@tempa=\box76
\@tempa=\box77
\@tempa=\box78
\@tempa=\box79
\@tempa=\box80
\@tempa=\box81
\@tempa=\box82
\@tempa=\box83
\@tempa=\box84
\@tempa=\box85
\@tempa=\box86
\@tempa=\box87
\@tempa=\box88
\@tempa=\box89
\@tempa=\box90
\@tempa=\box91
\@tempa=\box92
\@tempa=\box93
\@tempa=\box94
\@tempa=\box95
\@tempa=\box96
\@tempa=\box97
\@tempa=\box98
\@tempa=\box99
\@tempa=\box100
\@tempa=\box101
\@tempa=\box102
\@tempa=\box103
\@tempa=\box104
\@tempa=\box105
\@tempa=\box106
\c@minrows=\count289
\c@columnbadness=\count290
\c@finalcolumnbadness=\count291
\last@try=\dimen168
\multicolovershoot=\dimen169
\multicolundershoot=\dimen170
\mult@nat@firstbox=\box107
\colbreak@box=\box108
\mc@col@check@num=\count292
) (/usr/share/texlive/texmf-dist/tex/latex/multirow/multirow.sty
Package: multirow 2021/03/15 v2.8 Span multiple rows of a table
\multirow@colwidth=\skip63
\multirow@cntb=\count293
\multirow@dima=\skip64
\bigstrutjot=\dimen171
) (/usr/share/texlive/texmf-dist/tex/latex/hanging/hanging.sty
Package: hanging 2009/09/02 v1.2b hanging paragraphs and punctuation
\h@ngcommawd=\skip65
\h@ngfstopwd=\skip66
\h@ngquotewd=\skip67
\h@ngdquotewd=\skip68
\h@ngquerywd=\skip69
\h@ngexclwd=\skip70
\h@ngcolonwd=\skip71
\h@ngscolonwd=\skip72
) (/usr/share/texlive/texmf-dist/tex/generic/iftex/ifpdf.sty
Package: ifpdf 2019/10/25 v3.4 ifpdf legacy package. Use iftex instead.
(/usr/share/texlive/texmf-dist/tex/generic/iftex/iftex.sty
Package: iftex 2022/02/03 v1.0f TeX engine tests
)) (/usr/share/texlive/texmf-dist/tex/latex/adjustbox/adjustbox.sty
Package: adjustbox 2022/10/17 v1.3a Adjusting TeX boxes (trim, clip, ...)
(/usr/share/texlive/texmf-dist/tex/latex/xkeyval/xkeyval.sty
Package: xkeyval 2022/06/16 v2.9 package option processing (HA)
(/usr/share/texlive/texmf-dist/tex/generic/xkeyval/xkeyval.tex (/usr/share/texl
ive/texmf-dist/tex/generic/xkeyval/xkvutils.tex
\XKV@toks=\toks28
\XKV@tempa@toks=\toks29
)
\XKV@depth=\count294
File: xkeyval.tex 2014/12/03 v2.7a key=value parser (HA)
)) (/usr/share/texlive/texmf-dist/tex/latex/adjustbox/adjcalc.sty
Package: adjcalc 2012/05/16 v1.1 Provides advanced setlength with multiple back
-ends (calc, etex, pgfmath)
) (/usr/share/texlive/texmf-dist/tex/latex/adjustbox/trimclip.sty
Package: trimclip 2020/08/19 v1.2 Trim and clip general TeX material
(/usr/share/texlive/texmf-dist/tex/latex/graphics/graphicx.sty
Package: graphicx 2021/09/16 v1.2d Enhanced LaTeX Graphics (DPC,SPQR)
(/usr/share/texlive/texmf-dist/tex/latex/graphics/graphics.sty
Package: graphics 2022/03/10 v1.4e Standard LaTeX Graphics (DPC,SPQR)
(/usr/share/texlive/texmf-dist/tex/latex/graphics/trig.sty
Package: trig 2021/08/11 v1.11 sin cos tan (DPC)
) (/usr/share/texlive/texmf-dist/tex/latex/graphics-cfg/graphics.cfg
File: graphics.cfg 2016/06/04 v1.11 sample graphics configuration
)
Package graphics Info: Driver file: pdftex.def on input line 107.
)
\Gin@req@height=\dimen172
\Gin@req@width=\dimen173
) (/usr/share/texlive/texmf-dist/tex/latex/collectbox/collectbox.sty
Package: collectbox 2022/10/17 v0.4c Collect macro arguments as boxes
\collectedbox=\box109
)
\tc@llx=\dimen174
\tc@lly=\dimen175
\tc@urx=\dimen176
\tc@ury=\dimen177
Package trimclip Info: Using driver 'tc-pdftex.def'.
(/usr/share/texlive/texmf-dist/tex/latex/adjustbox/tc-pdftex.def
File: tc-pdftex.def 2019/01/04 v2.2 Clipping driver for pdftex
))
\adjbox@Width=\dimen178
\adjbox@Height=\dimen179
\adjbox@Depth=\dimen180
\adjbox@Totalheight=\dimen181
\adjbox@pwidth=\dimen182
\adjbox@pheight=\dimen183
\adjbox@pdepth=\dimen184
\adjbox@ptotalheight=\dimen185
(/usr/share/texlive/texmf-dist/tex/latex/ifoddpage/ifoddpage.sty
Package: ifoddpage 2022/10/18 v1.2 Conditionals for odd/even page detection
\c@checkoddpage=\count295
)) (/usr/share/texlive/texmf-dist/tex/latex/amsfonts/amssymb.sty
Package: amssymb 2013/01/14 v3.01 AMS font symbols
(/usr/share/texlive/texmf-dist/tex/latex/amsfonts/amsfonts.sty
Package: amsfonts 2013/01/14 v3.01 Basic AMSFonts support
\@emptytoks=\toks30
\symAMSa=\mathgroup4
\symAMSb=\mathgroup5
LaTeX Font Info:    Redeclaring math symbol \hbar on input line 98.
LaTeX Font Info:    Overwriting math alphabet `\mathfrak' in version `bold'
(Font)                  U/euf/m/n --> U/euf/b/n on input line 106.
)) (/usr/share/texlive/texmf-dist/tex/latex/stackengine/stackengine.sty
Package: stackengine 2021/07/22 v4.11\ Stacking text and objects in convenient 
ways
(/usr/share/texlive/texmf-dist/tex/latex/etoolbox/etoolbox.sty
Package: etoolbox 2020/10/05 v2.5k e-TeX tools for LaTeX (JAW)
\etb@tempcnta=\count296
) (/usr/share/texlive/texmf-dist/tex/generic/listofitems/listofitems.sty (/usr/
share/texlive/texmf-dist/tex/generic/listofitems/listofitems.tex
\loi_cnt_foreach_nest=\count297
\loi_nestcnt=\count298
)
Package: listofitems 2019/08/21 v1.63 Grab items in lists using user-specified 
sep char (CT)
)
\c@@stackindex=\count299
\@boxshift=\skip73
\stack@tmplength=\skip74
\temp@stkl=\skip75
\@stackedboxwidth=\skip76
\@addedbox=\box110
\@anchorbox=\box111
\@insetbox=\box112
\se@backgroundbox=\box113
\stackedbox=\box114
\@centerbox=\box115
\c@ROWcellindex@=\count300
) (/usr/share/texlive/texmf-dist/tex/latex/enumitem/enumitem.sty
Package: enumitem 2019/06/20 v3.9 Customized lists
\labelindent=\skip77
\enit@outerparindent=\dimen186
\enit@toks=\toks31
\enit@inbox=\box116
\enit@count@id=\count301
\enitdp@description=\count302
) (/usr/share/texlive/texmf-dist/tex/generic/alphalph/alphalph.sty
Package: alphalph 2019/12/09 v2.6 Convert numbers to letters (HO)
(/usr/share/texlive/texmf-dist/tex/generic/intcalc/intcalc.sty
Package: intcalc 2019/12/15 v1.3 Expandable calculations with integers (HO)
)) (/usr/share/texlive/texmf-dist/tex/generic/ulem/ulem.sty
\UL@box=\box117
\UL@hyphenbox=\box118
\UL@skip=\skip78
\UL@hook=\toks32
\UL@height=\dimen187
\UL@pe=\count303
\UL@pixel=\dimen188
\ULC@box=\box119
Package: ulem 2019/11/18
\ULdepth=\dimen189
)
\xrefbox=\box120
\xreflength=\skip79
\CodeWidthChar=\skip80
\CodeHeightChar=\skip81
\DoxyCodeWidth=\skip82
\c@DoxyEnumeratei=\count304
\c@DoxyEnumerateii=\count305
\c@DoxyEnumerateiii=\count306
\c@DoxyEnumerateiv=\count307
\c@DoxyEnumeratev=\count308
\c@DoxyEnumeratevi=\count309
\c@DoxyEnumeratevii=\count310
\c@DoxyEnumerateviii=\count311
\c@DoxyEnumerateix=\count312
\c@DoxyEnumeratex=\count313
\c@DoxyEnumeratexi=\count314
\c@DoxyEnumeratexii=\count315
\enitdp@DoxyEnumerate=\count316
\enitdp@DoxyItemize=\count317
\c@subsubsubsection=\count318
\c@subsubsubsubsection=\count319
\c@subsubsubsubsubsection=\count320
\c@subsubsubsubsubsubsection=\count321
) (/usr/share/texlive/texmf-dist/tex/latex/base/inputenc.sty
Package: inputenc 2021/02/14 v1.3d Input encoding file
\inpenc@prehook=\toks33
\inpenc@posthook=\toks34
) (/usr/share/texlive/texmf-dist/tex/latex/base/makeidx.sty
Package: makeidx 2021/10/04 v1.0m Standard LaTeX package
) (/usr/share/texlive/texmf-dist/tex/latex/base/textcomp.sty
Package: textcomp 2020/02/02 v2.0n Standard LaTeX package
) (/usr/share/texlive/texmf-dist/tex/latex/wasysym/wasysym.sty
Package: wasysym 2020/01/19 v2.4 Wasy-2 symbol support package
\symwasy=\mathgroup6
LaTeX Font Info:    Overwriting symbol font `wasy' in version `bold'
(Font)                  U/wasy/m/n --> U/wasy/b/n on input line 93.
) (/usr/share/texlive/texmf-dist/tex/generic/iftex/ifxetex.sty
Package: ifxetex 2019/10/25 v0.7 ifxetex legacy package. Use iftex instead.
) (/usr/share/texlive/texmf-dist/tex/latex/base/fontenc.sty
Package: fontenc 2021/04/29 v2.0v Standard LaTeX package
) (/usr/share/texlive/texmf-dist/tex/latex/psnfss/helvet.sty
Package: helvet 2020/03/25 PSNFSS-v9.3 (WaS) 
) (/usr/share/texlive/texmf-dist/tex/latex/psnfss/courier.sty
Package: courier 2020/03/25 PSNFSS-v9.3 (WaS) 
) (/usr/share/texlive/texmf-dist/tex/latex/geometry/geometry.sty
Package: geometry 2020/01/02 v5.9 Page Geometry
(/usr/share/texlive/texmf-dist/tex/generic/iftex/ifvtex.sty
Package: ifvtex 2019/10/25 v1.7 ifvtex legacy package. Use iftex instead.
)
\Gm@cnth=\count322
\Gm@cntv=\count323
\c@Gm@tempcnt=\count324
\Gm@bindingoffset=\dimen190
\Gm@wd@mp=\dimen191
\Gm@odd@mp=\dimen192
\Gm@even@mp=\dimen193
\Gm@layoutwidth=\dimen194
\Gm@layoutheight=\dimen195
\Gm@layouthoffset=\dimen196
\Gm@layoutvoffset=\dimen197
\Gm@dimlist=\toks35
) (/usr/share/texlive/texmf-dist/tex/latex/changepage/changepage.sty
Package: changepage 2009/10/20 v1.0c check page and change page layout
\c@cp@cntr=\count325
\cp@tempcnt=\count326
LaTeX Info: Redefining \checkoddpage on input line 59.
) (/usr/share/texlive/texmf-dist/tex/latex/fancyhdr/fancyhdr.sty
Package: fancyhdr 2022/11/09 v4.1 Extensive control of page headers and footers

\f@nch@headwidth=\skip83
\f@nch@O@elh=\skip84
\f@nch@O@erh=\skip85
\f@nch@O@olh=\skip86
\f@nch@O@orh=\skip87
\f@nch@O@elf=\skip88
\f@nch@O@erf=\skip89
\f@nch@O@olf=\skip90
\f@nch@O@orf=\skip91
) (/usr/share/texlive/texmf-dist/tex/latex/natbib/natbib.sty
Package: natbib 2010/09/13 8.31b (PWD, AO)
\bibhang=\skip92
\bibsep=\skip93
LaTeX Info: Redefining \cite on input line 694.
\c@NAT@ctr=\count327
) (/usr/share/texlive/texmf-dist/tex/latex/tocloft/tocloft.sty
Package: tocloft 2017/08/31 v2.3i parameterised ToC, etc., typesetting
Package tocloft Info: The document has chapter divisions on input line 51.
\cftparskip=\skip94
\cftbeforetoctitleskip=\skip95
\cftaftertoctitleskip=\skip96
\cftbeforepartskip=\skip97
\cftpartnumwidth=\skip98
\cftpartindent=\skip99
\cftbeforechapskip=\skip100
\cftchapindent=\skip101
\cftchapnumwidth=\skip102
\cftbeforesecskip=\skip103
\cftsecindent=\skip104
\cftsecnumwidth=\skip105
\cftbeforesubsecskip=\skip106
\cftsubsecindent=\skip107
\cftsubsecnumwidth=\skip108
\cftbeforesubsubsecskip=\skip109
\cftsubsubsecindent=\skip110
\cftsubsubsecnumwidth=\skip111
\cftbeforeparaskip=\skip112
\cftparaindent=\skip113
\cftparanumwidth=\skip114
\cftbeforesubparaskip=\skip115
\cftsubparaindent=\skip116
\cftsubparanumwidth=\skip117
\cftbeforeloftitleskip=\skip118
\cftafterloftitleskip=\skip119
\cftbeforefigskip=\skip120
\cftfigindent=\skip121
\cftfignumwidth=\skip122
\c@lofdepth=\count328
\c@lotdepth=\count329
\cftbeforelottitleskip=\skip123
\cftafterlottitleskip=\skip124
\cftbeforetabskip=\skip125
\cfttabindent=\skip126
\cfttabnumwidth=\skip127
)
\@indexfile=\write4
\openout4 = `refman.idx'.

Writing index file refman.idx
(/usr/share/texlive/texmf-dist/tex/latex/newunicodechar/newunicodechar.sty
Package: newunicodechar 2018/04/08 v1.2 Defining Unicode characters
) (/usr/share/texlive/texmf-dist/tex/latex/hyperref/hyperref.sty
Package: hyperref 2024-01-20 v7.01h Hypertext links for LaTeX
(/usr/share/texlive/texmf-dist/tex/latex/kvsetkeys/kvsetkeys.sty
Package: kvsetkeys 2022-10-05 v1.19 Key value parser (HO)
) (/usr/share/texlive/texmf-dist/tex/generic/kvdefinekeys/kvdefinekeys.sty
Package: kvdefinekeys 2019-12-19 v1.6 Define keys (HO)
) (/usr/share/texlive/texmf-dist/tex/generic/pdfescape/pdfescape.sty
Package: pdfescape 2019/12/09 v1.15 Implements pdfTeX's escape features (HO)
(/usr/share/texlive/texmf-dist/tex/generic/ltxcmds/ltxcmds.sty
Package: ltxcmds 2023-12-04 v1.26 LaTeX kernel commands for general use (HO)
) (/usr/share/texlive/texmf-dist/tex/generic/pdftexcmds/pdftexcmds.sty
Package: pdftexcmds 2020-06-27 v0.33 Utility functions of pdfTeX for LuaTeX (HO
)
Package pdftexcmds Info: \pdf@primitive is available.
Package pdftexcmds Info: \pdf@ifprimitive is available.
Package pdftexcmds Info: \pdfdraftmode found.
)) (/usr/share/texlive/texmf-dist/tex/latex/hycolor/hycolor.sty
Package: hycolor 2020-01-27 v1.10 Color options for hyperref/bookmark (HO)
) (/usr/share/texlive/texmf-dist/tex/latex/auxhook/auxhook.sty
Package: auxhook 2019-12-17 v1.6 Hooks for auxiliary files (HO)
) (/usr/share/texlive/texmf-dist/tex/latex/hyperref/nameref.sty
Package: nameref 2023-11-26 v2.56 Cross-referencing by name of section
(/usr/share/texlive/texmf-dist/tex/latex/refcount/refcount.sty
Package: refcount 2019/12/15 v3.6 Data extraction from label references (HO)
) (/usr/share/texlive/texmf-dist/tex/generic/gettitlestring/gettitlestring.sty
Package: gettitlestring 2019/12/15 v1.6 Cleanup title references (HO)
(/usr/share/texlive/texmf-dist/tex/latex/kvoptions/kvoptions.sty
Package: kvoptions 2022-06-15 v3.15 Key value format for package options (HO)
))
\c@section@level=\count330
)
\@linkdim=\dimen198
\Hy@linkcounter=\count331
\Hy@pagecounter=\count332
(/usr/share/texlive/texmf-dist/tex/latex/hyperref/pd1enc.def
File: pd1enc.def 2024-01-20 v7.01h Hyperref: PDFDocEncoding definition (HO)
Now handling font encoding PD1 ...
... no UTF-8 mapping file for font encoding PD1
)
\Hy@SavedSpaceFactor=\count333
(/usr/share/texlive/texmf-dist/tex/latex/hyperref/puenc.def
File: puenc.def 2024-01-20 v7.01h Hyperref: PDF Unicode definition (HO)
Now handling font encoding PU ...
... no UTF-8 mapping file for font encoding PU
)
Package hyperref Info: Hyper figures OFF on input line 4179.
Package hyperref Info: Link nesting OFF on input line 4184.
Package hyperref Info: Hyper index ON on input line 4187.
Package hyperref Info: Plain pages OFF on input line 4194.
Package hyperref Info: Backreferencing ON on input line 4197.
Package hyperref Info: Implicit mode ON; LaTeX internals redefined.
Package hyperref Info: Bookmarks ON on input line 4446.
(/usr/share/texlive/texmf-dist/tex/latex/hyperref/backref.sty
Package: backref 2023-11-26 v1.44 Bibliographical back referencing
(/usr/share/texlive/texmf-dist/tex/latex/rerunfilecheck/rerunfilecheck.sty
Package: rerunfilecheck 2022-07-10 v1.10 Rerun checks for auxiliary files (HO)
(/usr/share/texlive/texmf-dist/tex/latex/base/atveryend-ltx.sty
Package: atveryend-ltx 2020/08/19 v1.0a Emulation of the original atveryend pac
kage
with kernel methods
) (/usr/share/texlive/texmf-dist/tex/generic/uniquecounter/uniquecounter.sty
Package: uniquecounter 2019/12/15 v1.4 Provide unlimited unique counter (HO)
(/usr/share/texlive/texmf-dist/tex/generic/bigintcalc/bigintcalc.sty
Package: bigintcalc 2019/12/15 v1.5 Expandable calculations on big integers (HO
)
))
Package uniquecounter Info: New unique counter `rerunfilecheck' on input line 2
85.
))
\c@Hy@tempcnt=\count334
(/usr/share/texlive/texmf-dist/tex/latex/url/url.sty
\Urlmuskip=\muskip16
Package: url 2013/09/16  ver 3.4  Verb mode for urls, etc.
)
LaTeX Info: Redefining \url on input line 4784.
\XeTeXLinkMargin=\dimen199
(/usr/share/texlive/texmf-dist/tex/generic/bitset/bitset.sty
Package: bitset 2019/12/09 v1.3 Handle bit-vector datatype (HO)
)
\Fld@menulength=\count335
\Field@Width=\dimen256
\Fld@charsize=\dimen257
Package hyperref Info: Hyper figures OFF on input line 6063.
Package hyperref Info: Link nesting OFF on input line 6068.
Package hyperref Info: Hyper index ON on input line 6071.
Package hyperref Info: backreferencing ON on input line 6076.
Package hyperref Info: Link coloring OFF on input line 6083.
Package hyperref Info: Link coloring with OCG OFF on input line 6088.
Package hyperref Info: PDF/A mode OFF on input line 6093.
(/usr/share/texlive/texmf-dist/tex/latex/base/atbegshi-ltx.sty
Package: atbegshi-ltx 2021/01/10 v1.0c Emulation of the original atbegshi
package with kernel methods
)
\Hy@abspage=\count336
\c@Item=\count337
\c@Hfootnote=\count338
)
Package hyperref Info: Driver: hpdftex.
(/usr/share/texlive/texmf-dist/tex/latex/hyperref/hpdftex.def
File: hpdftex.def 2024-01-20 v7.01h Hyperref driver for pdfTeX
\Fld@listcount=\count339
\c@bookmark@seq@number=\count340
\Hy@SectionHShift=\skip128
)
Package hyperref Info: Option `colorlinks' set `true' on input line 162.
Package hyperref Info: Option `unicode' set `true' on input line 162.
(/usr/share/texlive/texmf-dist/tex/latex/caption/caption.sty
Package: caption 2023/08/05 v3.6o Customizing captions (AR)
(/usr/share/texlive/texmf-dist/tex/latex/caption/caption3.sty
Package: caption3 2023/07/31 v2.4d caption3 kernel (AR)
\caption@tempdima=\dimen258
\captionmargin=\dimen259
\caption@leftmargin=\dimen260
\caption@rightmargin=\dimen261
\caption@width=\dimen262
\caption@indent=\dimen263
\caption@parindent=\dimen264
\caption@hangindent=\dimen265
Package caption Info: Standard document class detected.
)
\c@caption@flags=\count341
\c@continuedfloat=\count342
Package caption Info: changepage package is loaded.
\caption@adjustwidth@hsize=\dimen266
\caption@adjustwidth@linewidth=\dimen267
Package caption Info: float package is loaded.
Package caption Info: hyperref package is loaded.
Package caption Info: longtable package is loaded.
(/usr/share/texlive/texmf-dist/tex/latex/caption/ltcaption.sty
Package: ltcaption 2021/01/08 v1.4c longtable captions (AR)
)) (/usr/share/texlive/texmf-dist/tex/latex/etoc/etoc.sty
Package: etoc 2023/10/29 v1.2d Completely customisable TOCs (JFB)
\Etoc@toctoks=\toks36
\c@etoc@tocid=\count343
\etoc@framed@titlebox=\box121
\etoc@framed@contentsbox=\box122
)
LaTeX Font Info:    Trying to load font information for T1+phv on input line 18
4.
(/usr/share/texlive/texmf-dist/tex/latex/psnfss/t1phv.fd
File: t1phv.fd 2020/03/25 scalable font definitions for T1/phv.
)
LaTeX Font Info:    Font shape `T1/phv/m/n' will be
(Font)              scaled to size 8.99994pt on input line 184.
(/usr/share/texlive/texmf-dist/tex/latex/l3backend/l3backend-pdftex.def
File: l3backend-pdftex.def 2024-01-04 L3 backend support: PDF output (pdfTeX)
\l__color_backend_stack_int=\count344
\l__pdf_internal_box=\box123
)
No file refman.aux.
\openout1 = `refman.aux'.

LaTeX Font Info:    Checking defaults for OML/cmm/m/it on input line 184.
LaTeX Font Info:    ... okay on input line 184.
LaTeX Font Info:    Checking defaults for OMS/cmsy/m/n on input line 184.
LaTeX Font Info:    ... okay on input line 184.
LaTeX Font Info:    Checking defaults for OT1/cmr/m/n on input line 184.
LaTeX Font Info:    ... okay on input line 184.
LaTeX Font Info:    Checking defaults for T1/cmr/m/n on input line 184.
LaTeX Font Info:    ... okay on input line 184.
LaTeX Font Info:    Checking defaults for TS1/cmr/m/n on input line 184.
LaTeX Font Info:    ... okay on input line 184.
LaTeX Font Info:    Checking defaults for OMX/cmex/m/n on input line 184.
LaTeX Font Info:    ... okay on input line 184.
LaTeX Font Info:    Checking defaults for U/cmr/m/n on input line 184.
LaTeX Font Info:    ... okay on input line 184.
LaTeX Font Info:    Checking defaults for PD1/pdf/m/n on input line 184.
LaTeX Font Info:    ... okay on input line 184.
LaTeX Font Info:    Checking defaults for PU/pdf/m/n on input line 184.
LaTeX Font Info:    ... okay on input line 184.
(/usr/share/texlive/texmf-dist/tex/context/base/mkii/supp-pdf.mkii
[Loading MPS to PDF converter (version 2006.09.02).]
\scratchcounter=\count345
\scratchdimen=\dimen268
\scratchbox=\box124
\nofMPsegments=\count346
\nofMParguments=\count347
\everyMPshowfont=\toks37
\MPscratchCnt=\count348
\MPscratchDim=\dimen269
\MPnumerator=\count349
\makeMPintoPDFobject=\count350
\everyMPtoPDFconversion=\toks38
) (/usr/share/texlive/texmf-dist/tex/latex/epstopdf-pkg/epstopdf-base.sty
Package: epstopdf-base 2020-01-24 v2.11 Base part for package epstopdf
Package epstopdf-base Info: Redefining graphics rule for `.eps' on input line 4
85.
(/usr/share/texlive/texmf-dist/tex/latex/latexconfig/epstopdf-sys.cfg
File: epstopdf-sys.cfg 2010/07/13 v1.3 Configuration of (r)epstopdf for TeX Liv
e
))
*geometry* driver: auto-detecting
*geometry* detected driver: pdftex
*geometry* verbose mode - [ preamble ] result:
* driver: pdftex
* paper: a4paper
* layout: <same size as paper>
* layoutoffset:(h,v)=(0.0pt,0.0pt)
* modes: twoside 
* h-part:(L,W,R)=(71.13188pt, 455.24411pt, 71.13188pt)
* v-part:(T,H,B)=(71.13188pt, 702.78308pt, 71.13188pt)
* \paperwidth=597.50787pt
* \paperheight=845.04684pt
* \textwidth=455.24411pt
* \textheight=702.78308pt
* \oddsidemargin=-1.1381pt
* \evensidemargin=-1.1381pt
* \topmargin=-31.2056pt
* \headheight=12.0pt
* \headsep=18.06749pt
* \topskip=10.0pt
* \footskip=25.29494pt
* \marginparwidth=125.0pt
* \marginparsep=7.0pt
* \columnsep=10.0pt
* \skip\footins=9.0pt plus 4.0pt minus 2.0pt
* \hoffset=0.0pt
* \voffset=0.0pt
* \mag=1000
* \@twocolumnfalse
* \@twosidetrue
* \@mparswitchtrue
* \@reversemarginfalse
* (1in=72.27pt=25.4mm, 1cm=28.453pt)

Package backref Info: ** backref set up for natbib ** on input line 184.
Package hyperref Info: Link coloring ON on input line 184.
\@outlinefile=\write5
\openout5 = `refman.out'.

Package caption Info: Begin \AtBeginDocument code.
Package caption Info: End \AtBeginDocument code.
No file refman.toc.
Package hyperref Info: Option `pageanchor' set `false' on input line 192.
Package hyperref Info: Option `bookmarksnumbered' set `true' on input line 192.

Package hyperref Info: Option `unicode' set `true' on input line 192.
LaTeX Font Info:    Font shape `T1/phv/m/n' will be
(Font)              scaled to size 12.9599pt on input line 197.
LaTeX Font Info:    Font shape `T1/phv/m/n' will be
(Font)              scaled to size 10.79993pt on input line 199.
[1


{/var/lib/texmf/fonts/map/pdftex/updmap/pdftex.map}{/usr/share/texlive/texmf-di
st/fonts/enc/dvips/base/8r.enc}] [2

]
\tf@toc=\write6
\openout6 = `refman.toc'.

Package hyperref Info: Option `pageanchor' set `true' on input line 208.
Chapter 1.
LaTeX Font Info:    Font shape `T1/phv/m/n' will be
(Font)              scaled to size 18.66588pt on input line 210.
LaTeX Font Info:    Font shape `T1/phv/b/n' will be
(Font)              scaled to size 18.66588pt on input line 210.
LaTeX Font Info:    Font shape `T1/phv/b/n' will be
(Font)              scaled to size 22.39185pt on input line 210.
(./hierarchy.tex
LaTeX Font Info:    Font shape `T1/phv/b/n' will be
(Font)              scaled to size 12.9599pt on input line 1.
LaTeX Font Info:    Font shape `T1/phv/m/n' will be
(Font)              scaled to size 6.29996pt on input line 2.
LaTeX Font Info:    Trying to load font information for U+msa on input line 2.
(/usr/share/texlive/texmf-dist/tex/latex/amsfonts/umsa.fd
File: umsa.fd 2013/01/14 v3.01 AMS symbols A
)
LaTeX Font Info:    Trying to load font information for U+msb on input line 2.
(/usr/share/texlive/texmf-dist/tex/latex/amsfonts/umsb.fd
File: umsb.fd 2013/01/14 v3.01 AMS symbols B
)
LaTeX Font Info:    Trying to load font information for U+wasy on input line 2.

(/usr/share/texlive/texmf-dist/tex/latex/wasysym/uwasy.fd
File: uwasy.fd 2020/01/19 v2.4 Wasy-2 symbol font definitions
)
LaTeX Font Info:    Font shape `T1/phv/b/n' will be
(Font)              scaled to size 8.99994pt on input line 3.

LaTeX Warning: Reference `classComponent' on page 1 undefined on input line 3.


LaTeX Warning: Reference `classCSVReport' on page 1 undefined on input line 4.


LaTeX Warning: Reference `classDatabaseManager' on page 1 undefined on input li
ne 5.


LaTeX Warning: Reference `structInventoryItem' on page 1 undefined on input lin
e 6.


LaTeX Warning: Reference `classInventoryManager' on page 1 undefined on input l
ine 8.


LaTeX Warning: Reference `classLowStockDelegate' on page 1 undefined on input l
ine 11.


LaTeX Warning: Reference `classAddDialog' on page 1 undefined on input line 14.



LaTeX Warning: Reference `classMainWindow' on page 1 undefined on input line 15
.

)
LaTeX Font Info:    Font shape `T1/phv/b/n' will be
(Font)              scaled to size 6.29996pt on input line 212.
[1


] [2

]
Chapter 2.
(./annotated.tex

LaTeX Warning: Reference `classAddDialog' on page 3 undefined on input line 3.


LaTeX Warning: Reference `classComponent' on page 3 undefined on input line 4.


LaTeX Warning: Reference `classCSVReport' on page 3 undefined on input line 5.


LaTeX Warning: Reference `classDatabaseManager' on page 3 undefined on input li
ne 6.


LaTeX Warning: Reference `structInventoryItem' on page 3 undefined on input lin
e 7.


LaTeX Warning: Reference `classInventoryManager' on page 3 undefined on input l
ine 8.


LaTeX Warning: Reference `classLowStockDelegate' on page 3 undefined on input l
ine 9.


LaTeX Warning: Reference `classMainWindow' on page 3 undefined on input line 10
.

) [3] [4

]
Chapter 3.
(./files.tex

LaTeX Warning: Reference `component_8h' on page 5 undefined on input line 3.


LaTeX Warning: Reference `DatabaseManager_8h' on page 5 undefined on input line
 4.


LaTeX Warning: Reference `delegate_8h' on page 5 undefined on input line 5.


LaTeX Warning: Reference `InventoryManager_8h' on page 5 undefined on input lin
e 6.


LaTeX Warning: Reference `mainwindow_8h' on page 5 undefined on input line 7.


LaTeX Warning: Reference `report_8h' on page 5 undefined on input line 8.


LaTeX Warning: Reference `component_8cpp' on page 5 undefined on input line 9.


LaTeX Warning: Reference `DatabaseManager_8cpp' on page 5 undefined on input li
ne 10.


LaTeX Warning: Reference `InventoryManager_8cpp' on page 5 undefined on input l
ine 11.


LaTeX Warning: Reference `main_8cpp' on page 5 undefined on input line 12.


LaTeX Warning: Reference `mainwindow_8cpp' on page 5 undefined on input line 13
.


LaTeX Warning: Reference `report_8cpp' on page 5 undefined on input line 14.

) [5] [6

]
Chapter 4.
(./classAddDialog.tex
LaTeX Font Info:    Trying to load font information for T1+pcr on input line 10
.
(/usr/share/texlive/texmf-dist/tex/latex/psnfss/t1pcr.fd
File: t1pcr.fd 2001/06/04 font definitions for T1/pcr.
) <./classAddDialog__inherit__graph.pdf>
<classAddDialog__inherit__graph.pdf, id=85, 167.62625pt x 380.42125pt>
File: classAddDialog__inherit__graph.pdf Graphic file (type pdf)
<use classAddDialog__inherit__graph.pdf>
Package pdftex.def Info: classAddDialog__inherit__graph.pdf  used on input line
 19.
(pdftex.def)             Requested size: 167.0pt x 378.99814pt.
 <./classAddDialog__coll__graph.pdf>
<classAddDialog__coll__graph.pdf, id=93, 167.62625pt x 380.42125pt>
File: classAddDialog__coll__graph.pdf Graphic file (type pdf)
<use classAddDialog__coll__graph.pdf>
Package pdftex.def Info: classAddDialog__coll__graph.pdf  used on input line 29
.
(pdftex.def)             Requested size: 167.0pt x 378.99814pt.
[7]
LaTeX Font Info:    Trying to load font information for TS1+phv on input line 3
5.
(/usr/share/texlive/texmf-dist/tex/latex/psnfss/ts1phv.fd
File: ts1phv.fd 2020/03/25 scalable font definitions for TS1/phv.
)
LaTeX Font Info:    Font shape `TS1/phv/m/n' will be
(Font)              scaled to size 8.99994pt on input line 35.
LaTeX Font Info:    Font shape `T1/phv/m/n' will be
(Font)              scaled to size 8.09995pt on input line 43.
LaTeX Font Info:    Font shape `T1/phv/m/it' in size <9> not available
(Font)              Font shape `T1/phv/m/sl' tried instead on input line 43.
LaTeX Font Info:    Font shape `T1/phv/m/sl' will be
(Font)              scaled to size 8.09995pt on input line 43.
LaTeX Font Info:    Font shape `T1/phv/m/it' in size <7> not available
(Font)              Font shape `T1/phv/m/sl' tried instead on input line 43.
LaTeX Font Info:    Font shape `T1/phv/m/sl' will be
(Font)              scaled to size 6.29996pt on input line 43.
[8]
LaTeX Font Info:    Font shape `T1/phv/b/n' will be
(Font)              scaled to size 10.79993pt on input line 76.
LaTeX Font Info:    Font shape `T1/phv/m/n' will be
(Font)              scaled to size 7.19995pt on input line 90.
LaTeX Font Info:    Font shape `T1/pcr/m/it' in size <8> not available
(Font)              Font shape `T1/pcr/m/sl' tried instead on input line 90.

Package longtable Warning: Column widths have changed
(longtable)                in table 4.1 on input line 102.

[9] <./classAddDialog_a4751c7ced2d3c0497b03a97018c25630_cgraph.pdf>
<classAddDialog_a4751c7ced2d3c0497b03a97018c25630_cgraph.pdf, id=205, 513.92pt 
x 136.51pt>
File: classAddDialog_a4751c7ced2d3c0497b03a97018c25630_cgraph.pdf Graphic file 
(type pdf)
<use classAddDialog_a4751c7ced2d3c0497b03a97018c25630_cgraph.pdf>
Package pdftex.def Info: classAddDialog_a4751c7ced2d3c0497b03a97018c25630_cgrap
h.pdf  used on input line 159.
(pdftex.def)             Requested size: 350.0pt x 92.96928pt.
 <./classAddDialog_a98fd2634696182392e30d750fec4fa35_icgraph.pdf>
<classAddDialog_a98fd2634696182392e30d750fec4fa35_icgraph.pdf, id=213, 534.9987
5pt x 173.64874pt>
File: classAddDialog_a98fd2634696182392e30d750fec4fa35_icgraph.pdf Graphic file
 (type pdf)
<use classAddDialog_a98fd2634696182392e30d750fec4fa35_icgraph.pdf>
Package pdftex.def Info: classAddDialog_a98fd2634696182392e30d750fec4fa35_icgra
ph.pdf  used on input line 176.
(pdftex.def)             Requested size: 350.0pt x 113.60695pt.
 <./classAddDialog_a5120327b094f97585324f46bf09a1224_icgraph.pdf>
<classAddDialog_a5120327b094f97585324f46bf09a1224_icgraph.pdf, id=221, 539.0137
5pt x 173.64874pt>
File: classAddDialog_a5120327b094f97585324f46bf09a1224_icgraph.pdf Graphic file
 (type pdf)
<use classAddDialog_a5120327b094f97585324f46bf09a1224_icgraph.pdf>
Package pdftex.def Info: classAddDialog_a5120327b094f97585324f46bf09a1224_icgra
ph.pdf  used on input line 190.
(pdftex.def)             Requested size: 350.0pt x 112.75641pt.
[10]
Underfull \hbox (badness 10000) detected at line 203
[][][]
 []

 <./classAddDialog_ab6038c606013470cf474c272357d2830_icgraph.pdf>
<classAddDialog_ab6038c606013470cf474c272357d2830_icgraph.pdf, id=249, 529.98pt
 x 136.51pt>
File: classAddDialog_ab6038c606013470cf474c272357d2830_icgraph.pdf Graphic file
 (type pdf)
<use classAddDialog_ab6038c606013470cf474c272357d2830_icgraph.pdf>
Package pdftex.def Info: classAddDialog_ab6038c606013470cf474c272357d2830_icgra
ph.pdf  used on input line 224.
(pdftex.def)             Requested size: 350.0pt x 90.1531pt.

Underfull \hbox (badness 10000) detected at line 237
[][][]
 []

 <./classAddDialog_acddb648cd31785710468adfd345dc9bf_icgraph.pdf>
<classAddDialog_acddb648cd31785710468adfd345dc9bf_icgraph.pdf, id=261, 548.0475
pt x 136.51pt>
File: classAddDialog_acddb648cd31785710468adfd345dc9bf_icgraph.pdf Graphic file
 (type pdf)
<use classAddDialog_acddb648cd31785710468adfd345dc9bf_icgraph.pdf>
Package pdftex.def Info: classAddDialog_acddb648cd31785710468adfd345dc9bf_icgra
ph.pdf  used on input line 258.
(pdftex.def)             Requested size: 350.0pt x 87.18071pt.
[11]
Underfull \hbox (badness 10000) detected at line 271
[][][]
 []

 <./classAddDialog_ab1cf40e875c67ed9f4afbb9c15002fd9_icgraph.pdf>
<classAddDialog_ab1cf40e875c67ed9f4afbb9c15002fd9_icgraph.pdf, id=284, 536.0025
pt x 136.51pt>
File: classAddDialog_ab1cf40e875c67ed9f4afbb9c15002fd9_icgraph.pdf Graphic file
 (type pdf)
<use classAddDialog_ab1cf40e875c67ed9f4afbb9c15002fd9_icgraph.pdf>
Package pdftex.def Info: classAddDialog_ab1cf40e875c67ed9f4afbb9c15002fd9_icgra
ph.pdf  used on input line 292.
(pdftex.def)             Requested size: 350.0pt x 89.1387pt.

Underfull \hbox (badness 10000) detected at line 305
[][][]
 []

[12] <./classAddDialog_ace328ac19c27ec775541e29b893faeb6_icgraph.pdf>
<classAddDialog_ace328ac19c27ec775541e29b893faeb6_icgraph.pdf, id=308, 549.0512
5pt x 136.51pt>
File: classAddDialog_ace328ac19c27ec775541e29b893faeb6_icgraph.pdf Graphic file
 (type pdf)
<use classAddDialog_ace328ac19c27ec775541e29b893faeb6_icgraph.pdf>
Package pdftex.def Info: classAddDialog_ace328ac19c27ec775541e29b893faeb6_icgra
ph.pdf  used on input line 326.
(pdftex.def)             Requested size: 350.0pt x 87.0224pt.

Underfull \hbox (badness 10000) detected at line 339
[][][]
 []

 <./classAddDialog_a681938827598fc3404fea3175825ec04_icgraph.pdf>
<classAddDialog_a681938827598fc3404fea3175825ec04_icgraph.pdf, id=320, 528.9762
6pt x 136.51pt>
File: classAddDialog_a681938827598fc3404fea3175825ec04_icgraph.pdf Graphic file
 (type pdf)
<use classAddDialog_a681938827598fc3404fea3175825ec04_icgraph.pdf>
Package pdftex.def Info: classAddDialog_a681938827598fc3404fea3175825ec04_icgra
ph.pdf  used on input line 360.
(pdftex.def)             Requested size: 350.0pt x 90.32182pt.
 <./classAddDialog_a3f35887c64e8de108ef4e45850d560a9_cgraph.pdf>
<classAddDialog_a3f35887c64e8de108ef4e45850d560a9_cgraph.pdf, id=333, 354.32375
pt x 99.37125pt>
File: classAddDialog_a3f35887c64e8de108ef4e45850d560a9_cgraph.pdf Graphic file 
(type pdf)
<use classAddDialog_a3f35887c64e8de108ef4e45850d560a9_cgraph.pdf>
Package pdftex.def Info: classAddDialog_a3f35887c64e8de108ef4e45850d560a9_cgrap
h.pdf  used on input line 391.
(pdftex.def)             Requested size: 350.0pt x 98.161pt.
[13] <./classAddDialog_a3f35887c64e8de108ef4e45850d560a9_icgraph.pdf>
<classAddDialog_a3f35887c64e8de108ef4e45850d560a9_icgraph.pdf, id=352, 358.3387
5pt x 99.37125pt>
File: classAddDialog_a3f35887c64e8de108ef4e45850d560a9_icgraph.pdf Graphic file
 (type pdf)
<use classAddDialog_a3f35887c64e8de108ef4e45850d560a9_icgraph.pdf>
Package pdftex.def Info: classAddDialog_a3f35887c64e8de108ef4e45850d560a9_icgra
ph.pdf  used on input line 399.
(pdftex.def)             Requested size: 350.0pt x 97.06473pt.
 <./classAddDialog_a78803d57593ddd157af57178901297ff_cgraph.pdf>
<classAddDialog_a78803d57593ddd157af57178901297ff_cgraph.pdf, id=365, 332.24126
pt x 99.37125pt>
File: classAddDialog_a78803d57593ddd157af57178901297ff_cgraph.pdf Graphic file 
(type pdf)
<use classAddDialog_a78803d57593ddd157af57178901297ff_cgraph.pdf>
Package pdftex.def Info: classAddDialog_a78803d57593ddd157af57178901297ff_cgrap
h.pdf  used on input line 430.
(pdftex.def)             Requested size: 331.0pt x 99.00557pt.
 <./classAddDialog_a78803d57593ddd157af57178901297ff_icgraph.pdf>
<classAddDialog_a78803d57593ddd157af57178901297ff_icgraph.pdf, id=373, 338.2637
5pt x 99.37125pt>
File: classAddDialog_a78803d57593ddd157af57178901297ff_icgraph.pdf Graphic file
 (type pdf)
<use classAddDialog_a78803d57593ddd157af57178901297ff_icgraph.pdf>
Package pdftex.def Info: classAddDialog_a78803d57593ddd157af57178901297ff_icgra
ph.pdf  used on input line 438.
(pdftex.def)             Requested size: 337.0pt x 99.00253pt.
[14] [15]) (./classComponent.tex <./classComponent__coll__graph.pdf>
<classComponent__coll__graph.pdf, id=414, 192.72pt x 400.49625pt>
File: classComponent__coll__graph.pdf Graphic file (type pdf)
<use classComponent__coll__graph.pdf>
Package pdftex.def Info: classComponent__coll__graph.pdf  used on input line 19
.
(pdftex.def)             Requested size: 192.0pt x 398.99805pt.
[16]
LaTeX Font Info:    Font shape `T1/phv/b/n' will be
(Font)              scaled to size 7.19995pt on input line 83.
[17]
LaTeX Font Info:    Font shape `T1/pcr/m/it' in size <7> not available
(Font)              Font shape `T1/pcr/m/sl' tried instead on input line 114.

Package longtable Warning: Column widths have changed
(longtable)                in table 4.2 on input line 148.


Overfull \vbox (136.19603pt too high) has occurred while \output is active []

[18]
Underfull \hbox (badness 10000) detected at line 178
[][][]
 []


Underfull \hbox (badness 10000) detected at line 206
[][][]
 []


Underfull \hbox (badness 10000) detected at line 232
[][][]
 []

[19]
Underfull \hbox (badness 10000) detected at line 260
[][][]
 []


Underfull \hbox (badness 10000) detected at line 288
[][][]
 []


Underfull \hbox (badness 10000) detected at line 314
[][][]
 []

[20]

Package longtable Warning: Column widths have changed
(longtable)                in table 4.3 on input line 346.


Package longtable Warning: Column widths have changed
(longtable)                in table 4.4 on input line 376.


Package longtable Warning: Column widths have changed
(longtable)                in table 4.5 on input line 406.

[21]

Package longtable Warning: Column widths have changed
(longtable)                in table 4.6 on input line 436.


Package longtable Warning: Column widths have changed
(longtable)                in table 4.7 on input line 466.


Package longtable Warning: Column widths have changed
(longtable)                in table 4.8 on input line 496.

[22]) (./classCSVReport.tex <./classCSVReport__coll__graph.pdf>
<classCSVReport__coll__graph.pdf, id=625, 161.60374pt x 144.54pt>
File: classCSVReport__coll__graph.pdf Graphic file (type pdf)
<use classCSVReport__coll__graph.pdf>
Package pdftex.def Info: classCSVReport__coll__graph.pdf  used on input line 19
.
(pdftex.def)             Requested size: 161.0pt x 144.00809pt.
[23] [24]

Package longtable Warning: Column widths have changed
(longtable)                in table 4.9 on input line 86.


Underfull \hbox (badness 10000) detected at line 87
[][][]
 []


Package longtable Warning: Column widths have changed
(longtable)                in table 4.10 on input line 106.


Underfull \hbox (badness 10000) detected at line 107
[][][]
 []

[25] <./classCSVReport_a5051c763dbb1b15197528448727af40e_icgraph.pdf>
<classCSVReport_a5051c763dbb1b15197528448727af40e_icgraph.pdf, id=685, 548.0475
pt x 99.37125pt>
File: classCSVReport_a5051c763dbb1b15197528448727af40e_icgraph.pdf Graphic file
 (type pdf)
<use classCSVReport_a5051c763dbb1b15197528448727af40e_icgraph.pdf>
Package pdftex.def Info: classCSVReport_a5051c763dbb1b15197528448727af40e_icgra
ph.pdf  used on input line 149.
(pdftex.def)             Requested size: 350.0pt x 63.46242pt.
) (./classDatabaseManager.tex <./classDatabaseManager__coll__graph.pdf>
<classDatabaseManager__coll__graph.pdf, id=695, 180.675pt x 129.48375pt>
File: classDatabaseManager__coll__graph.pdf Graphic file (type pdf)
<use classDatabaseManager__coll__graph.pdf>
Package pdftex.def Info: classDatabaseManager__coll__graph.pdf  used on input l
ine 19.
(pdftex.def)             Requested size: 180.0pt x 129.00133pt.
[26]
Underfull \hbox (badness 10000) detected at line 60
[][][]
 []


Underfull \hbox (badness 10000) detected at line 73
[][][]
 []

 <./classDatabaseManager_a4c1124bbf21d49013912fedac7407ce8_icgraph.pdf>
<classDatabaseManager_a4c1124bbf21d49013912fedac7407ce8_icgraph.pdf, id=730, 33
2.24126pt x 99.37125pt>
File: classDatabaseManager_a4c1124bbf21d49013912fedac7407ce8_icgraph.pdf Graphi
c file (type pdf)
<use classDatabaseManager_a4c1124bbf21d49013912fedac7407ce8_icgraph.pdf>
Package pdftex.def Info: classDatabaseManager_a4c1124bbf21d49013912fedac7407ce8
_icgraph.pdf  used on input line 111.
(pdftex.def)             Requested size: 331.0pt x 99.00557pt.
[27]) (./structInventoryItem.tex <./structInventoryItem__coll__graph.pdf>
<structInventoryItem__coll__graph.pdf, id=753, 185.69376pt x 204.765pt>
File: structInventoryItem__coll__graph.pdf Graphic file (type pdf)
<use structInventoryItem__coll__graph.pdf>
Package pdftex.def Info: structInventoryItem__coll__graph.pdf  used on input li
ne 19.
(pdftex.def)             Requested size: 185.0pt x 204.00523pt.
[28] [29]) (./classInventoryManager.tex <./classInventoryManager__inherit__grap
h.pdf>
<classInventoryManager__inherit__graph.pdf, id=816, 198.7425pt x 320.19624pt>
File: classInventoryManager__inherit__graph.pdf Graphic file (type pdf)
<use classInventoryManager__inherit__graph.pdf>
Package pdftex.def Info: classInventoryManager__inherit__graph.pdf  used on inp
ut line 14.
(pdftex.def)             Requested size: 198.0pt x 319.0082pt.
[30] <./classInventoryManager__coll__graph.pdf>
<classInventoryManager__coll__graph.pdf, id=838, 198.7425pt x 320.19624pt>
File: classInventoryManager__coll__graph.pdf Graphic file (type pdf)
<use classInventoryManager__coll__graph.pdf>
Package pdftex.def Info: classInventoryManager__coll__graph.pdf  used on input 
line 24.
(pdftex.def)             Requested size: 198.0pt x 319.0082pt.
[31] [32]

Package longtable Warning: Column widths have changed
(longtable)                in table 4.11 on input line 79.


Package longtable Warning: Column widths have changed
(longtable)                in table 4.12 on input line 124.


Overfull \vbox (18.09161pt too high) has occurred while \output is active []

[33]
Underfull \hbox (badness 10000) detected at line 125
[][][]
 []

 <./classInventoryManager_acb286cf95731b5a8f8b55bea861b6885_icgraph.pdf>
<classInventoryManager_acb286cf95731b5a8f8b55bea861b6885_icgraph.pdf, id=909, 8
28.09375pt x 175.65625pt>
File: classInventoryManager_acb286cf95731b5a8f8b55bea861b6885_icgraph.pdf Graph
ic file (type pdf)
<use classInventoryManager_acb286cf95731b5a8f8b55bea861b6885_icgraph.pdf>
Package pdftex.def Info: classInventoryManager_acb286cf95731b5a8f8b55bea861b688
5_icgraph.pdf  used on input line 162.
(pdftex.def)             Requested size: 350.0pt x 74.24416pt.

Underfull \hbox (badness 10000) detected at line 185
[][][]
 []

[34] <./classInventoryManager_ac1308250ed0c8c11edc6b6b84bc8d5a2_icgraph.pdf>
<classInventoryManager_ac1308250ed0c8c11edc6b6b84bc8d5a2_icgraph.pdf, id=930, 4
08.52625pt x 110.4125pt>
File: classInventoryManager_ac1308250ed0c8c11edc6b6b84bc8d5a2_icgraph.pdf Graph
ic file (type pdf)
<use classInventoryManager_ac1308250ed0c8c11edc6b6b84bc8d5a2_icgraph.pdf>
Package pdftex.def Info: classInventoryManager_ac1308250ed0c8c11edc6b6b84bc8d5a
2_icgraph.pdf  used on input line 220.
(pdftex.def)             Requested size: 350.0pt x 94.59908pt.

Underfull \hbox (badness 10000) detected at line 233
[][][]
 []

 <./classInventoryManager_aea0e4299cec1881036f2176c23323b74_icgraph.pdf>
<classInventoryManager_aea0e4299cec1881036f2176c23323b74_icgraph.pdf, id=957, 5
70.13pt x 110.4125pt>
File: classInventoryManager_aea0e4299cec1881036f2176c23323b74_icgraph.pdf Graph
ic file (type pdf)
<use classInventoryManager_aea0e4299cec1881036f2176c23323b74_icgraph.pdf>
Package pdftex.def Info: classInventoryManager_aea0e4299cec1881036f2176c23323b7
4_icgraph.pdf  used on input line 271.
(pdftex.def)             Requested size: 350.0pt x 67.78113pt.
[35]

Package longtable Warning: Column widths have changed
(longtable)                in table 4.13 on input line 288.


Underfull \hbox (badness 10000) detected at line 289
[][][]
 []

 <./classInventoryManager_a9d7c6193009d6b10a2063d8ae5bfabaa_icgraph.pdf>
<classInventoryManager_a9d7c6193009d6b10a2063d8ae5bfabaa_icgraph.pdf, id=994, 5
90.205pt x 99.37125pt>
File: classInventoryManager_a9d7c6193009d6b10a2063d8ae5bfabaa_icgraph.pdf Graph
ic file (type pdf)
<use classInventoryManager_a9d7c6193009d6b10a2063d8ae5bfabaa_icgraph.pdf>
Package pdftex.def Info: classInventoryManager_a9d7c6193009d6b10a2063d8ae5bfaba
a_icgraph.pdf  used on input line 330.
(pdftex.def)             Requested size: 350.0pt x 58.92874pt.
[36]

Package longtable Warning: Column widths have changed
(longtable)                in table 4.14 on input line 347.


Underfull \hbox (badness 10000) detected at line 348
[][][]
 []

 <./classInventoryManager_a2466a14f063a0a33ee43fb44396821fa_icgraph.pdf>
<classInventoryManager_a2466a14f063a0a33ee43fb44396821fa_icgraph.pdf, id=1016, 
603.25375pt x 99.37125pt>
File: classInventoryManager_a2466a14f063a0a33ee43fb44396821fa_icgraph.pdf Graph
ic file (type pdf)
<use classInventoryManager_a2466a14f063a0a33ee43fb44396821fa_icgraph.pdf>
Package pdftex.def Info: classInventoryManager_a2466a14f063a0a33ee43fb44396821f
a_icgraph.pdf  used on input line 374.
(pdftex.def)             Requested size: 350.0pt x 57.65355pt.

Package longtable Warning: Column widths have changed
(longtable)                in table 4.15 on input line 401.

[37]
Underfull \hbox (badness 10000) detected at line 402
[][][]
 []

 <./classInventoryManager_ac9a100ac0e1fbbfd270a750b420bb88f_icgraph.pdf>
<classInventoryManager_ac9a100ac0e1fbbfd270a750b420bb88f_icgraph.pdf, id=1039, 
586.19pt x 99.37125pt>
File: classInventoryManager_ac9a100ac0e1fbbfd270a750b420bb88f_icgraph.pdf Graph
ic file (type pdf)
<use classInventoryManager_ac9a100ac0e1fbbfd270a750b420bb88f_icgraph.pdf>
Package pdftex.def Info: classInventoryManager_ac9a100ac0e1fbbfd270a750b420bb88
f_icgraph.pdf  used on input line 440.
(pdftex.def)             Requested size: 350.0pt x 59.33208pt.

Package longtable Warning: Column widths have changed
(longtable)                in table 4.16 on input line 459.


Underfull \hbox (badness 10000) detected at line 460
[][][]
 []

[38]) (./classLowStockDelegate.tex <./classLowStockDelegate__inherit__graph.pdf
>
<classLowStockDelegate__inherit__graph.pdf, id=1066, 200.75pt x 229.85875pt>
File: classLowStockDelegate__inherit__graph.pdf Graphic file (type pdf)
<use classLowStockDelegate__inherit__graph.pdf>
Package pdftex.def Info: classLowStockDelegate__inherit__graph.pdf  used on inp
ut line 19.
(pdftex.def)             Requested size: 200.0pt x 229.0164pt.
 <./classLowStockDelegate__coll__graph.pdf>
<classLowStockDelegate__coll__graph.pdf, id=1074, 200.75pt x 229.85875pt>
File: classLowStockDelegate__coll__graph.pdf Graphic file (type pdf)
<use classLowStockDelegate__coll__graph.pdf>
Package pdftex.def Info: classLowStockDelegate__coll__graph.pdf  used on input 
line 29.
(pdftex.def)             Requested size: 200.0pt x 229.0164pt.
[39] [40]

Package longtable Warning: Column widths have changed
(longtable)                in table 4.17 on input line 74.


Package longtable Warning: Column widths have changed
(longtable)                in table 4.18 on input line 107.


Package textcomp Warning: Symbol \textrightarrow not provided by
(textcomp)                font family pcr in TS1 encoding.
(textcomp)                Default family used instead on input line 117.

LaTeX Font Info:    Trying to load font information for T1+cmtt on input line 1
17.
(/usr/share/texlive/texmf-dist/tex/latex/base/t1cmtt.fd
File: t1cmtt.fd 2023/04/13 v2.5m Standard LaTeX font definitions
)
LaTeX Font Info:    Trying to load font information for TS1+cmtt on input line 
117.
(/usr/share/texlive/texmf-dist/tex/latex/base/ts1cmtt.fd
File: ts1cmtt.fd 2023/04/13 v2.5m Standard LaTeX font definitions
)) (./classMainWindow.tex [41] <./classMainWindow__inherit__graph.pdf>
<classMainWindow__inherit__graph.pdf, id=1138, 221.82875pt x 440.64626pt>
File: classMainWindow__inherit__graph.pdf Graphic file (type pdf)
<use classMainWindow__inherit__graph.pdf>
Package pdftex.def Info: classMainWindow__inherit__graph.pdf  used on input lin
e 19.
(pdftex.def)             Requested size: 221.0pt x 438.99785pt.
 <./classMainWindow__coll__graph.pdf>
<classMainWindow__coll__graph.pdf, id=1146, 299.1175pt x 628.3475pt>
File: classMainWindow__coll__graph.pdf Graphic file (type pdf)
<use classMainWindow__coll__graph.pdf>
Package pdftex.def Info: classMainWindow__coll__graph.pdf  used on input line 2
9.
(pdftex.def)             Requested size: 261.83214pt x 550.0pt.
[42] [43] [44]

Package longtable Warning: Column widths have changed
(longtable)                in table 4.19 on input line 114.

 <./classMainWindow_af6ed98f8230fd8f941c6cb7732160ed5_cgraph.pdf>
<classMainWindow_af6ed98f8230fd8f941c6cb7732160ed5_cgraph.pdf, id=1275, 839.135
pt x 749.80125pt>
File: classMainWindow_af6ed98f8230fd8f941c6cb7732160ed5_cgraph.pdf Graphic file
 (type pdf)
<use classMainWindow_af6ed98f8230fd8f941c6cb7732160ed5_cgraph.pdf>
Package pdftex.def Info: classMainWindow_af6ed98f8230fd8f941c6cb7732160ed5_cgra
ph.pdf  used on input line 200.
(pdftex.def)             Requested size: 350.0pt x 312.74059pt.
[45] [46]
Underfull \hbox (badness 10000) in paragraph at lines 261--262
[]\T1/phv/m/n/10 References [], [], [], [],
 []


Overfull \hbox (19.96211pt too wide) in paragraph at lines 261--262
[]\T1/phv/m/n/10 , [], [], [], [],
 []

 <./classMainWindow_a31750b622110b0edfcd341556c44ef3c_cgraph.pdf>
<classMainWindow_a31750b622110b0edfcd341556c44ef3c_cgraph.pdf, id=1345, 385.44p
t x 433.62pt>
File: classMainWindow_a31750b622110b0edfcd341556c44ef3c_cgraph.pdf Graphic file
 (type pdf)
<use classMainWindow_a31750b622110b0edfcd341556c44ef3c_cgraph.pdf>
Package pdftex.def Info: classMainWindow_a31750b622110b0edfcd341556c44ef3c_cgra
ph.pdf  used on input line 268.
(pdftex.def)             Requested size: 350.0pt x 393.74791pt.
 <./classMainWindow_a31750b622110b0edfcd341556c44ef3c_icgraph.pdf>
<classMainWindow_a31750b622110b0edfcd341556c44ef3c_icgraph.pdf, id=1353, 381.42
5pt x 99.37125pt>
File: classMainWindow_a31750b622110b0edfcd341556c44ef3c_icgraph.pdf Graphic fil
e (type pdf)
<use classMainWindow_a31750b622110b0edfcd341556c44ef3c_icgraph.pdf>
Package pdftex.def Info: classMainWindow_a31750b622110b0edfcd341556c44ef3c_icgr
aph.pdf  used on input line 276.
(pdftex.def)             Requested size: 350.0pt x 91.18762pt.
[47] <./classMainWindow_a3f29a7235acf922406190b6477167a80_cgraph.pdf>
<classMainWindow_a3f29a7235acf922406190b6477167a80_cgraph.pdf, id=1386, 418.563
75pt x 136.51pt>
File: classMainWindow_a3f29a7235acf922406190b6477167a80_cgraph.pdf Graphic file
 (type pdf)
<use classMainWindow_a3f29a7235acf922406190b6477167a80_cgraph.pdf>
Package pdftex.def Info: classMainWindow_a3f29a7235acf922406190b6477167a80_cgra
ph.pdf  used on input line 327.
(pdftex.def)             Requested size: 350.0pt x 114.14687pt.
 <./classMainWindow_a3f29a7235acf922406190b6477167a80_icgraph.pdf>
<classMainWindow_a3f29a7235acf922406190b6477167a80_icgraph.pdf, id=1394, 394.47
375pt x 99.37125pt>
File: classMainWindow_a3f29a7235acf922406190b6477167a80_icgraph.pdf Graphic fil
e (type pdf)
<use classMainWindow_a3f29a7235acf922406190b6477167a80_icgraph.pdf>
Package pdftex.def Info: classMainWindow_a3f29a7235acf922406190b6477167a80_icgr
aph.pdf  used on input line 335.
(pdftex.def)             Requested size: 350.0pt x 88.16872pt.
[48]
Underfull \hbox (badness 10000) detected at line 350
[][][]
 []

[49]
Underfull \hbox (badness 10000) in paragraph at lines 416--417
[]\T1/phv/m/n/10 , [], [], [],
 []


Underfull \hbox (badness 1902) in paragraph at lines 416--417
[]\T1/phv/m/n/10 , [], [], [], [], [], [],
 []

 <./classMainWindow_a9480c0a26284df09cf4d595b0d1952fe_cgraph.pdf>
<classMainWindow_a9480c0a26284df09cf4d595b0d1952fe_cgraph.pdf, id=1464, 405.515
pt x 396.48125pt>
File: classMainWindow_a9480c0a26284df09cf4d595b0d1952fe_cgraph.pdf Graphic file
 (type pdf)
<use classMainWindow_a9480c0a26284df09cf4d595b0d1952fe_cgraph.pdf>
Package pdftex.def Info: classMainWindow_a9480c0a26284df09cf4d595b0d1952fe_cgra
ph.pdf  used on input line 423.
(pdftex.def)             Requested size: 350.0pt x 342.21347pt.
 <./classMainWindow_a9480c0a26284df09cf4d595b0d1952fe_icgraph.pdf>
<classMainWindow_a9480c0a26284df09cf4d595b0d1952fe_icgraph.pdf, id=1472, 381.42
5pt x 99.37125pt>
File: classMainWindow_a9480c0a26284df09cf4d595b0d1952fe_icgraph.pdf Graphic fil
e (type pdf)
<use classMainWindow_a9480c0a26284df09cf4d595b0d1952fe_icgraph.pdf>
Package pdftex.def Info: classMainWindow_a9480c0a26284df09cf4d595b0d1952fe_icgr
aph.pdf  used on input line 431.
(pdftex.def)             Requested size: 350.0pt x 91.18762pt.
[50] <./classMainWindow_aae43dfb8457343a5cd68ae9e4f0947b3_cgraph.pdf>
<classMainWindow_aae43dfb8457343a5cd68ae9e4f0947b3_cgraph.pdf, id=1497, 385.44p
t x 148.555pt>
File: classMainWindow_aae43dfb8457343a5cd68ae9e4f0947b3_cgraph.pdf Graphic file
 (type pdf)
<use classMainWindow_aae43dfb8457343a5cd68ae9e4f0947b3_cgraph.pdf>
Package pdftex.def Info: classMainWindow_aae43dfb8457343a5cd68ae9e4f0947b3_cgra
ph.pdf  used on input line 475.
(pdftex.def)             Requested size: 350.0pt x 134.8951pt.
 <./classMainWindow_aae43dfb8457343a5cd68ae9e4f0947b3_icgraph.pdf>
<classMainWindow_aae43dfb8457343a5cd68ae9e4f0947b3_icgraph.pdf, id=1505, 393.47
pt x 99.37125pt>
File: classMainWindow_aae43dfb8457343a5cd68ae9e4f0947b3_icgraph.pdf Graphic fil
e (type pdf)
<use classMainWindow_aae43dfb8457343a5cd68ae9e4f0947b3_icgraph.pdf>
Package pdftex.def Info: classMainWindow_aae43dfb8457343a5cd68ae9e4f0947b3_icgr
aph.pdf  used on input line 483.
(pdftex.def)             Requested size: 350.0pt x 88.3916pt.

! LaTeX Error: Unicode character  (U+03A9)
               not set up for use with LaTeX.

See the LaTeX manual or LaTeX Companion for explanation.
Type  H <return>  for immediate help.
 ...                                              
                                                  
l.504 ...{stringliteral}{"{}2024-\/01-\/10"{}}\},}
                                                  
You may provide a definition with
\DeclareUnicodeCharacter 

[51] <./classMainWindow_aec037789de5a4356126afe86a8831276_cgraph.pdf>
<classMainWindow_aec037789de5a4356126afe86a8831276_cgraph.pdf, id=1529, 430.608
75pt x 136.51pt>
File: classMainWindow_aec037789de5a4356126afe86a8831276_cgraph.pdf Graphic file
 (type pdf)
<use classMainWindow_aec037789de5a4356126afe86a8831276_cgraph.pdf>
Package pdftex.def Info: classMainWindow_aec037789de5a4356126afe86a8831276_cgra
ph.pdf  used on input line 571.
(pdftex.def)             Requested size: 350.0pt x 110.95784pt.
[52] <./classMainWindow_aec037789de5a4356126afe86a8831276_icgraph.pdf>
<classMainWindow_aec037789de5a4356126afe86a8831276_icgraph.pdf, id=1542, 639.38
875pt x 118.4425pt>
File: classMainWindow_aec037789de5a4356126afe86a8831276_icgraph.pdf Graphic fil
e (type pdf)
<use classMainWindow_aec037789de5a4356126afe86a8831276_icgraph.pdf>
Package pdftex.def Info: classMainWindow_aec037789de5a4356126afe86a8831276_icgr
aph.pdf  used on input line 579.
(pdftex.def)             Requested size: 350.0pt x 64.83632pt.
 <./classMainWindow_aa203add17c8e3a5835b8dee710ca3d63_icgraph.pdf>
<classMainWindow_aa203add17c8e3a5835b8dee710ca3d63_icgraph.pdf, id=1563, 408.52
625pt x 99.37125pt>
File: classMainWindow_aa203add17c8e3a5835b8dee710ca3d63_icgraph.pdf Graphic fil
e (type pdf)
<use classMainWindow_aa203add17c8e3a5835b8dee710ca3d63_icgraph.pdf>
Package pdftex.def Info: classMainWindow_aa203add17c8e3a5835b8dee710ca3d63_icgr
aph.pdf  used on input line 646.
(pdftex.def)             Requested size: 350.0pt x 85.13918pt.
[53]
Underfull \hbox (badness 10000) detected at line 659
[][][]
 []

 <./classMainWindow_a061b3d00f9f4ec5381813290c884135b_cgraph.pdf>
<classMainWindow_a061b3d00f9f4ec5381813290c884135b_cgraph.pdf, id=1588, 643.403
75pt x 136.51pt>
File: classMainWindow_a061b3d00f9f4ec5381813290c884135b_cgraph.pdf Graphic file
 (type pdf)
<use classMainWindow_a061b3d00f9f4ec5381813290c884135b_cgraph.pdf>
Package pdftex.def Info: classMainWindow_a061b3d00f9f4ec5381813290c884135b_cgra
ph.pdf  used on input line 691.
(pdftex.def)             Requested size: 350.0pt x 74.26003pt.
 <./classMainWindow_a061b3d00f9f4ec5381813290c884135b_icgraph.pdf>
<classMainWindow_a061b3d00f9f4ec5381813290c884135b_icgraph.pdf, id=1596, 441.65
pt x 99.37125pt>
File: classMainWindow_a061b3d00f9f4ec5381813290c884135b_icgraph.pdf Graphic fil
e (type pdf)
<use classMainWindow_a061b3d00f9f4ec5381813290c884135b_icgraph.pdf>
Package pdftex.def Info: classMainWindow_a061b3d00f9f4ec5381813290c884135b_icgr
aph.pdf  used on input line 699.
(pdftex.def)             Requested size: 350.0pt x 78.75412pt.
[54]

Package longtable Warning: Column widths have changed
(longtable)                in table 4.20 on input line 716.

 <./classMainWindow_a294de4fcf7148338a254b10dbd5a132c_icgraph.pdf>
<classMainWindow_a294de4fcf7148338a254b10dbd5a132c_icgraph.pdf, id=1616, 395.47
75pt x 99.37125pt>
File: classMainWindow_a294de4fcf7148338a254b10dbd5a132c_icgraph.pdf Graphic fil
e (type pdf)
<use classMainWindow_a294de4fcf7148338a254b10dbd5a132c_icgraph.pdf>
Package pdftex.def Info: classMainWindow_a294de4fcf7148338a254b10dbd5a132c_icgr
aph.pdf  used on input line 737.
(pdftex.def)             Requested size: 350.0pt x 87.94582pt.
[55] <./classMainWindow_ae709637342f1faac100901a15e338308_icgraph.pdf>
<classMainWindow_ae709637342f1faac100901a15e338308_icgraph.pdf, id=1646, 825.08
25pt x 239.89626pt>
File: classMainWindow_ae709637342f1faac100901a15e338308_icgraph.pdf Graphic fil
e (type pdf)
<use classMainWindow_ae709637342f1faac100901a15e338308_icgraph.pdf>
Package pdftex.def Info: classMainWindow_ae709637342f1faac100901a15e338308_icgr
aph.pdf  used on input line 780.
(pdftex.def)             Requested size: 350.0pt x 101.76604pt.
[56]) [57] [58

]
Chapter 5.
(./component_8h.tex <./component_8h__incl.pdf>
<component_8h__incl.pdf, id=1691, 199.74625pt x 154.5775pt>
File: component_8h__incl.pdf Graphic file (type pdf)
<use component_8h__incl.pdf>
Package pdftex.def Info: component_8h__incl.pdf  used on input line 9.
(pdftex.def)             Requested size: 199.0pt x 154.00865pt.
 <./component_8h__dep__incl.pdf>
<component_8h__dep__incl.pdf, id=1699, 367.3725pt x 209.78375pt>
File: component_8h__dep__incl.pdf Graphic file (type pdf)
<use component_8h__dep__incl.pdf>
Package pdftex.def Info: component_8h__dep__incl.pdf  used on input line 17.
(pdftex.def)             Requested size: 350.0pt x 199.87599pt.
[59]) (./component_8h_source.tex) (./DatabaseManager_8h.tex <./DatabaseManager_
8h__incl.pdf>
<DatabaseManager_8h__incl.pdf, id=1747, 232.87pt x 154.5775pt>
File: DatabaseManager_8h__incl.pdf Graphic file (type pdf)
<use DatabaseManager_8h__incl.pdf>
Package pdftex.def Info: DatabaseManager_8h__incl.pdf  used on input line 9.
(pdftex.def)             Requested size: 232.0pt x 154.0063pt.
[60] <./DatabaseManager_8h__dep__incl.pdf>
<DatabaseManager_8h__dep__incl.pdf, id=1806, 321.2pt x 154.5775pt>
File: DatabaseManager_8h__dep__incl.pdf Graphic file (type pdf)
<use DatabaseManager_8h__dep__incl.pdf>
Package pdftex.def Info: DatabaseManager_8h__dep__incl.pdf  used on input line 
17.
(pdftex.def)             Requested size: 320.0pt x 154.00394pt.
) (./DatabaseManager_8h_source.tex) (./delegate_8h.tex <./delegate_8h__incl.pdf
>
<delegate_8h__incl.pdf, id=1821, 403.5075pt x 209.78375pt>
File: delegate_8h__incl.pdf Graphic file (type pdf)
<use delegate_8h__incl.pdf>
Package pdftex.def Info: delegate_8h__incl.pdf  used on input line 10.
(pdftex.def)             Requested size: 350.0pt x 181.96619pt.
[61] <./delegate_8h__dep__incl.pdf>
<delegate_8h__dep__incl.pdf, id=1852, 196.735pt x 154.5775pt>
File: delegate_8h__dep__incl.pdf Graphic file (type pdf)
<use delegate_8h__dep__incl.pdf>
Package pdftex.def Info: delegate_8h__dep__incl.pdf  used on input line 18.
(pdftex.def)             Requested size: 196.0pt x 153.99922pt.
) (./delegate_8h_source.tex [62]

Package textcomp Warning: Symbol \textrightarrow not provided by
(textcomp)                font family pcr in TS1 encoding.
(textcomp)                Default family used instead on input line 23.

) (./InventoryManager_8h.tex <./InventoryManager_8h__incl.pdf>
<InventoryManager_8h__incl.pdf, id=1890, 301.125pt x 154.5775pt>
File: InventoryManager_8h__incl.pdf Graphic file (type pdf)
<use InventoryManager_8h__incl.pdf>
Package pdftex.def Info: InventoryManager_8h__incl.pdf  used on input line 11.
(pdftex.def)             Requested size: 300.0pt x 154.01338pt.
 <./InventoryManager_8h__dep__incl.pdf>
<InventoryManager_8h__dep__incl.pdf, id=1898, 594.22pt x 209.78375pt>
File: InventoryManager_8h__dep__incl.pdf Graphic file (type pdf)
<use InventoryManager_8h__dep__incl.pdf>
Package pdftex.def Info: InventoryManager_8h__dep__incl.pdf  used on input line
 19.
(pdftex.def)             Requested size: 350.0pt x 123.56966pt.
[63]) (./InventoryManager_8h_source.tex [64]) (./mainwindow_8h.tex <./mainwindo
w_8h__incl.pdf>
<mainwindow_8h__incl.pdf, id=2034, 1521.685pt x 209.78375pt>
File: mainwindow_8h__incl.pdf Graphic file (type pdf)
<use mainwindow_8h__incl.pdf>
Package pdftex.def Info: mainwindow_8h__incl.pdf  used on input line 23.
(pdftex.def)             Requested size: 350.0pt x 48.25244pt.
 <./mainwindow_8h__dep__incl.pdf>
<mainwindow_8h__dep__incl.pdf, id=2042, 294.09875pt x 154.5775pt>
File: mainwindow_8h__dep__incl.pdf Graphic file (type pdf)
<use mainwindow_8h__dep__incl.pdf>
Package pdftex.def Info: mainwindow_8h__dep__incl.pdf  used on input line 31.
(pdftex.def)             Requested size: 293.0pt x 154.00159pt.
[65]) (./mainwindow_8h_source.tex [66]) (./report_8h.tex <./report_8h__incl.pdf
>
<report_8h__incl.pdf, id=2206, 192.72pt x 154.5775pt>
File: report_8h__incl.pdf Graphic file (type pdf)
<use report_8h__incl.pdf>
Package pdftex.def Info: report_8h__incl.pdf  used on input line 10.
(pdftex.def)             Requested size: 192.0pt x 153.99922pt.
 <./report_8h__dep__incl.pdf>
<report_8h__dep__incl.pdf, id=2214, 347.2975pt x 209.78375pt>
File: report_8h__dep__incl.pdf Graphic file (type pdf)
<use report_8h__dep__incl.pdf>
Package pdftex.def Info: report_8h__dep__incl.pdf  used on input line 18.
(pdftex.def)             Requested size: 346.0pt x 209.00856pt.
[67]) (./report_8h_source.tex) (./component_8cpp.tex <./component_8cpp__incl.pd
f>
<component_8cpp__incl.pdf, id=2276, 189.70876pt x 209.78375pt>
File: component_8cpp__incl.pdf Graphic file (type pdf)
<use component_8cpp__incl.pdf>
Package pdftex.def Info: component_8cpp__incl.pdf  used on input line 9.
(pdftex.def)             Requested size: 189.0pt x 209.00536pt.
) (./component_8cpp_source.tex [68] [69]) (./DatabaseManager_8cpp.tex <./Databa
seManager_8cpp__incl.pdf>
<DatabaseManager_8cpp__incl.pdf, id=2393, 349.305pt x 209.78375pt>
File: DatabaseManager_8cpp__incl.pdf Graphic file (type pdf)
<use DatabaseManager_8cpp__incl.pdf>
Package pdftex.def Info: DatabaseManager_8cpp__incl.pdf  used on input line 11.

(pdftex.def)             Requested size: 348.0pt x 209.01176pt.
) (./DatabaseManager_8cpp_source.tex) (./InventoryManager_8cpp.tex <./Inventory
Manager_8cpp__incl.pdf>
<InventoryManager_8cpp__incl.pdf, id=2413, 473.77pt x 209.78375pt>
File: InventoryManager_8cpp__incl.pdf Graphic file (type pdf)
<use InventoryManager_8cpp__incl.pdf>
Package pdftex.def Info: InventoryManager_8cpp__incl.pdf  used on input line 12
.
(pdftex.def)             Requested size: 350.0pt x 154.98465pt.
[70]) (./InventoryManager_8cpp_source.tex [71] [72]) (./main_8cpp.tex <./main_8
cpp__incl.pdf>
<main_8cpp__incl.pdf, id=2633, 1704.3675pt x 264.99pt>
File: main_8cpp__incl.pdf Graphic file (type pdf)
<use main_8cpp__incl.pdf>
Package pdftex.def Info: main_8cpp__incl.pdf  used on input line 17.
(pdftex.def)             Requested size: 350.0pt x 54.41629pt.
[73]

Package longtable Warning: Column widths have changed
(longtable)                in table 5.1 on input line 55.


Underfull \hbox (badness 10000) detected at line 56
[][][]
 []

 <./main_8cpp_a0ddf1224851353fc92bfbff6f499fa97_cgraph.pdf>
<main_8cpp_a0ddf1224851353fc92bfbff6f499fa97_cgraph.pdf, id=2670, 332.24126pt x
 99.37125pt>
File: main_8cpp_a0ddf1224851353fc92bfbff6f499fa97_cgraph.pdf Graphic file (type
 pdf)
<use main_8cpp_a0ddf1224851353fc92bfbff6f499fa97_cgraph.pdf>
Package pdftex.def Info: main_8cpp_a0ddf1224851353fc92bfbff6f499fa97_cgraph.pdf
  used on input line 94.
(pdftex.def)             Requested size: 331.0pt x 99.00557pt.
) (./main_8cpp_source.tex) (./mainwindow_8cpp.tex [74] <./mainwindow_8cpp__incl
.pdf>
<mainwindow_8cpp__incl.pdf, id=2720, 1663.21375pt x 264.99pt>
File: mainwindow_8cpp__incl.pdf Graphic file (type pdf)
<use mainwindow_8cpp__incl.pdf>
Package pdftex.def Info: mainwindow_8cpp__incl.pdf  used on input line 28.
(pdftex.def)             Requested size: 350.0pt x 55.76276pt.

Underfull \hbox (badness 10000) detected at line 43
[][][]
 []


Underfull \hbox (badness 10000) detected at line 46
[][][]
 []

[75]

Package longtable Warning: Column widths have changed
(longtable)                in table 5.2 on input line 76.


Underfull \hbox (badness 10000) detected at line 77
[][][]
 []

 <./mainwindow_8cpp_a62c004692be56c8a628ec733b07c4c40_icgraph.pdf>
<mainwindow_8cpp_a62c004692be56c8a628ec733b07c4c40_icgraph.pdf, id=2747, 494.84
875pt x 99.37125pt>
File: mainwindow_8cpp_a62c004692be56c8a628ec733b07c4c40_icgraph.pdf Graphic fil
e (type pdf)
<use mainwindow_8cpp_a62c004692be56c8a628ec733b07c4c40_icgraph.pdf>
Package pdftex.def Info: mainwindow_8cpp_a62c004692be56c8a628ec733b07c4c40_icgr
aph.pdf  used on input line 96.
(pdftex.def)             Requested size: 350.0pt x 70.28418pt.

Package longtable Warning: Column widths have changed
(longtable)                in table 5.3 on input line 113.


Underfull \hbox (badness 10000) detected at line 114
[][][]
 []

) (./mainwindow_8cpp_source.tex [76] [77] [78] [79]

! LaTeX Error: Unicode character  (U+03A9)
               not set up for use with LaTeX.

See the LaTeX manual or LaTeX Companion for explanation.
Type  H <return>  for immediate help.
 ...                                              
                                                  
l.282 ...{stringliteral}{"{}2024-\/01-\/10"{}}\},}
                                                  
You may provide a definition with
\DeclareUnicodeCharacter 

[80]) (./report_8cpp.tex <./report_8cpp__incl.pdf>
<report_8cpp__incl.pdf, id=3323, 529.98pt x 209.78375pt>
File: report_8cpp__incl.pdf Graphic file (type pdf)
<use report_8cpp__incl.pdf>
Package pdftex.def Info: report_8cpp__incl.pdf  used on input line 13.
(pdftex.def)             Requested size: 350.0pt x 138.54411pt.
[81]) (./report_8cpp_source.tex) [82]
No file refman.ind.

Package longtable Warning: Table widths have changed. Rerun LaTeX.

(./refman.aux)
 ***********
LaTeX2e <2023-11-01> patch level 1
L3 programming layer <2024-01-22>
 ***********

LaTeX Warning: There were undefined references.


LaTeX Warning: Label(s) may have changed. Rerun to get cross-references right.


Package rerunfilecheck Warning: File `refman.out' has changed.
(rerunfilecheck)                Rerun to get outlines right
(rerunfilecheck)                or use package `bookmark'.

Package rerunfilecheck Info: Checksums for `refman.out':
(rerunfilecheck)             Before: <no file>
(rerunfilecheck)             After:  C5A01EC735753B0DE7437F3748245854;28503.
 ) 
Here is how much of TeX's memory you used:
 20256 strings out of 476182
 366767 string characters out of 5795594
 1948975 words of memory out of 5000000
 40391 multiletter control sequences out of 15000+600000
 613541 words of font info for 107 fonts, out of 8000000 for 9000
 14 hyphenation exceptions out of 8191
 101i,16n,117p,1498b,745s stack positions out of 10000i,1000n,20000p,200000b,200000s
 </home/joyita/.texlive2023/texmf-var/fonts/pk/ljfour/jknappen/ec/tctt0800.52
5pk></usr/share/texlive/texmf-dist/fonts/type1/public/amsfonts/cm/cmmi10.pfb></
usr/share/texlive/texmf-dist/fonts/type1/public/amsfonts/cm/cmmi8.pfb></usr/sha
re/texlive/texmf-dist/fonts/type1/public/amsfonts/cm/cmsy10.pfb></usr/share/tex
live/texmf-dist/fonts/type1/public/amsfonts/cm/cmsy7.pfb></usr/share/texlive/te
xmf-dist/fonts/type1/public/amsfonts/cm/cmsy8.pfb></usr/share/texlive/texmf-dis
t/fonts/type1/urw/courier/ucrb8a.pfb></usr/share/texlive/texmf-dist/fonts/type1
/urw/courier/ucrr8a.pfb></usr/share/texlive/texmf-dist/fonts/type1/urw/courier/
ucrro8a.pfb></usr/share/texlive/texmf-dist/fonts/type1/urw/helvetic/uhvb8a.pfb>
</usr/share/texlive/texmf-dist/fonts/type1/urw/helvetic/uhvb8ac.pfb></usr/share
/texlive/texmf-dist/fonts/type1/urw/helvetic/uhvr8a.pfb></usr/share/texlive/tex
mf-dist/fonts/type1/urw/helvetic/uhvro8a.pfb>
Output written on refman.pdf (84 pages, 795583 bytes).
PDF statistics:
 3825 PDF objects out of 4296 (max. 8388607)
 3448 compressed objects within 35 object streams
 1475 named destinations out of 1728 (max. 500000)
 341 words of extra memory for PDF output out of 10000 (max. 10000000)

