\BOOKMARK [0][-]{chapter.1}{\376\377\0001\000\040\000H\000i\000e\000r\000a\000r\000c\000h\000i\000c\000a\000l\000\040\000I\000n\000d\000e\000x}{}% 1
\BOOKMARK [1][-]{section.1.1}{\376\377\0001\000.\0001\000\040\000C\000l\000a\000s\000s\000\040\000H\000i\000e\000r\000a\000r\000c\000h\000y}{chapter.1}% 2
\BOOKMARK [0][-]{chapter.2}{\376\377\0002\000\040\000C\000l\000a\000s\000s\000\040\000I\000n\000d\000e\000x}{}% 3
\BOOKMARK [1][-]{section.2.1}{\376\377\0002\000.\0001\000\040\000C\000l\000a\000s\000s\000\040\000L\000i\000s\000t}{chapter.2}% 4
\BOOKMARK [0][-]{chapter.3}{\376\377\0003\000\040\000F\000i\000l\000e\000\040\000I\000n\000d\000e\000x}{}% 5
\BOOKMARK [1][-]{section.3.1}{\376\377\0003\000.\0001\000\040\000F\000i\000l\000e\000\040\000L\000i\000s\000t}{chapter.3}% 6
\BOOKMARK [0][-]{chapter.4}{\376\377\0004\000\040\000C\000l\000a\000s\000s\000\040\000D\000o\000c\000u\000m\000e\000n\000t\000a\000t\000i\000o\000n}{}% 7
\BOOKMARK [1][-]{section.4.1}{\376\377\0004\000.\0001\000\040\000A\000d\000d\000D\000i\000a\000l\000o\000g\000\040\000C\000l\000a\000s\000s\000\040\000R\000e\000f\000e\000r\000e\000n\000c\000e}{chapter.4}% 8
\BOOKMARK [2][-]{subsection.4.1.1}{\376\377\0004\000.\0001\000.\0001\000\040\000D\000e\000t\000a\000i\000l\000e\000d\000\040\000D\000e\000s\000c\000r\000i\000p\000t\000i\000o\000n}{section.4.1}% 9
\BOOKMARK [2][-]{subsection.4.1.2}{\376\377\0004\000.\0001\000.\0002\000\040\000C\000o\000n\000s\000t\000r\000u\000c\000t\000o\000r\000\040\000\046\000\040\000D\000e\000s\000t\000r\000u\000c\000t\000o\000r\000\040\000D\000o\000c\000u\000m\000e\000n\000t\000a\000t\000i\000o\000n}{section.4.1}% 10
\BOOKMARK [3][-]{subsubsection.4.1.2.1}{\376\377\0004\000.\0001\000.\0002\000.\0001\000\040\000A\000d\000d\000D\000i\000a\000l\000o\000g\000\050\000\051}{subsection.4.1.2}% 11
\BOOKMARK [2][-]{subsection.4.1.3}{\376\377\0004\000.\0001\000.\0003\000\040\000M\000e\000m\000b\000e\000r\000\040\000F\000u\000n\000c\000t\000i\000o\000n\000\040\000D\000o\000c\000u\000m\000e\000n\000t\000a\000t\000i\000o\000n}{section.4.1}% 12
\BOOKMARK [3][-]{subsubsection.4.1.3.1}{\376\377\0004\000.\0001\000.\0003\000.\0001\000\040\000a\000c\000c\000e\000p\000t\000e\000d}{subsection.4.1.3}% 13
\BOOKMARK [3][-]{subsubsection.4.1.3.2}{\376\377\0004\000.\0001\000.\0003\000.\0002\000\040\000c\000a\000n\000c\000e\000l\000l\000e\000d}{subsection.4.1.3}% 14
\BOOKMARK [3][-]{subsubsection.4.1.3.3}{\376\377\0004\000.\0001\000.\0003\000.\0003\000\040\000g\000e\000t\000D\000a\000t\000e\000\050\000\051}{subsection.4.1.3}% 15
\BOOKMARK [3][-]{subsubsection.4.1.3.4}{\376\377\0004\000.\0001\000.\0003\000.\0004\000\040\000g\000e\000t\000L\000o\000c\000a\000t\000i\000o\000n\000\050\000\051}{subsection.4.1.3}% 16
\BOOKMARK [3][-]{subsubsection.4.1.3.5}{\376\377\0004\000.\0001\000.\0003\000.\0005\000\040\000g\000e\000t\000N\000a\000m\000e\000\050\000\051}{subsection.4.1.3}% 17
\BOOKMARK [3][-]{subsubsection.4.1.3.6}{\376\377\0004\000.\0001\000.\0003\000.\0006\000\040\000g\000e\000t\000Q\000u\000a\000n\000t\000i\000t\000y\000\050\000\051}{subsection.4.1.3}% 18
\BOOKMARK [3][-]{subsubsection.4.1.3.7}{\376\377\0004\000.\0001\000.\0003\000.\0007\000\040\000g\000e\000t\000T\000y\000p\000e\000\050\000\051}{subsection.4.1.3}% 19
\BOOKMARK [3][-]{subsubsection.4.1.3.8}{\376\377\0004\000.\0001\000.\0003\000.\0008\000\040\000o\000n\000C\000a\000n\000c\000e\000l}{subsection.4.1.3}% 20
\BOOKMARK [3][-]{subsubsection.4.1.3.9}{\376\377\0004\000.\0001\000.\0003\000.\0009\000\040\000o\000n\000O\000k}{subsection.4.1.3}% 21
\BOOKMARK [2][-]{subsection.4.1.4}{\376\377\0004\000.\0001\000.\0004\000\040\000M\000e\000m\000b\000e\000r\000\040\000D\000a\000t\000a\000\040\000D\000o\000c\000u\000m\000e\000n\000t\000a\000t\000i\000o\000n}{section.4.1}% 22
\BOOKMARK [3][-]{subsubsection.4.1.4.1}{\376\377\0004\000.\0001\000.\0004\000.\0001\000\040\000d\000a\000t\000e\000E\000d\000i\000t}{subsection.4.1.4}% 23
\BOOKMARK [3][-]{subsubsection.4.1.4.2}{\376\377\0004\000.\0001\000.\0004\000.\0002\000\040\000l\000o\000c\000E\000d\000i\000t}{subsection.4.1.4}% 24
\BOOKMARK [3][-]{subsubsection.4.1.4.3}{\376\377\0004\000.\0001\000.\0004\000.\0003\000\040\000n\000a\000m\000e\000E\000d\000i\000t}{subsection.4.1.4}% 25
\BOOKMARK [3][-]{subsubsection.4.1.4.4}{\376\377\0004\000.\0001\000.\0004\000.\0004\000\040\000q\000t\000y\000S\000p\000i\000n}{subsection.4.1.4}% 26
\BOOKMARK [3][-]{subsubsection.4.1.4.5}{\376\377\0004\000.\0001\000.\0004\000.\0005\000\040\000t\000y\000p\000e\000E\000d\000i\000t}{subsection.4.1.4}% 27
\BOOKMARK [1][-]{section.4.2}{\376\377\0004\000.\0002\000\040\000C\000o\000m\000p\000o\000n\000e\000n\000t\000\040\000C\000l\000a\000s\000s\000\040\000R\000e\000f\000e\000r\000e\000n\000c\000e}{chapter.4}% 28
\BOOKMARK [2][-]{subsection.4.2.1}{\376\377\0004\000.\0002\000.\0001\000\040\000D\000e\000t\000a\000i\000l\000e\000d\000\040\000D\000e\000s\000c\000r\000i\000p\000t\000i\000o\000n}{section.4.2}% 29
\BOOKMARK [2][-]{subsection.4.2.2}{\376\377\0004\000.\0002\000.\0002\000\040\000C\000o\000n\000s\000t\000r\000u\000c\000t\000o\000r\000\040\000\046\000\040\000D\000e\000s\000t\000r\000u\000c\000t\000o\000r\000\040\000D\000o\000c\000u\000m\000e\000n\000t\000a\000t\000i\000o\000n}{section.4.2}% 30
\BOOKMARK [3][-]{subsubsection.4.2.2.1}{\376\377\0004\000.\0002\000.\0002\000.\0001\000\040\000C\000o\000m\000p\000o\000n\000e\000n\000t\000\050\000\051\000\040\000[\0001\000/\0002\000]}{subsection.4.2.2}% 31
\BOOKMARK [3][-]{subsubsection.4.2.2.2}{\376\377\0004\000.\0002\000.\0002\000.\0002\000\040\000C\000o\000m\000p\000o\000n\000e\000n\000t\000\050\000\051\000\040\000[\0002\000/\0002\000]}{subsection.4.2.2}% 32
\BOOKMARK [2][-]{subsection.4.2.3}{\376\377\0004\000.\0002\000.\0003\000\040\000M\000e\000m\000b\000e\000r\000\040\000F\000u\000n\000c\000t\000i\000o\000n\000\040\000D\000o\000c\000u\000m\000e\000n\000t\000a\000t\000i\000o\000n}{section.4.2}% 33
\BOOKMARK [3][-]{subsubsection.4.2.3.1}{\376\377\0004\000.\0002\000.\0003\000.\0001\000\040\000g\000e\000t\000I\000d\000\050\000\051}{subsection.4.2.3}% 34
\BOOKMARK [3][-]{subsubsection.4.2.3.2}{\376\377\0004\000.\0002\000.\0003\000.\0002\000\040\000g\000e\000t\000L\000o\000c\000a\000t\000i\000o\000n\000\050\000\051}{subsection.4.2.3}% 35
\BOOKMARK [3][-]{subsubsection.4.2.3.3}{\376\377\0004\000.\0002\000.\0003\000.\0003\000\040\000g\000e\000t\000N\000a\000m\000e\000\050\000\051}{subsection.4.2.3}% 36
\BOOKMARK [3][-]{subsubsection.4.2.3.4}{\376\377\0004\000.\0002\000.\0003\000.\0004\000\040\000g\000e\000t\000P\000u\000r\000c\000h\000a\000s\000e\000D\000a\000t\000e\000\050\000\051}{subsection.4.2.3}% 37
\BOOKMARK [3][-]{subsubsection.4.2.3.5}{\376\377\0004\000.\0002\000.\0003\000.\0005\000\040\000g\000e\000t\000Q\000u\000a\000n\000t\000i\000t\000y\000\050\000\051}{subsection.4.2.3}% 38
\BOOKMARK [3][-]{subsubsection.4.2.3.6}{\376\377\0004\000.\0002\000.\0003\000.\0006\000\040\000g\000e\000t\000T\000y\000p\000e\000\050\000\051}{subsection.4.2.3}% 39
\BOOKMARK [3][-]{subsubsection.4.2.3.7}{\376\377\0004\000.\0002\000.\0003\000.\0007\000\040\000s\000e\000t\000I\000d\000\050\000\051}{subsection.4.2.3}% 40
\BOOKMARK [3][-]{subsubsection.4.2.3.8}{\376\377\0004\000.\0002\000.\0003\000.\0008\000\040\000s\000e\000t\000L\000o\000c\000a\000t\000i\000o\000n\000\050\000\051}{subsection.4.2.3}% 41
\BOOKMARK [3][-]{subsubsection.4.2.3.9}{\376\377\0004\000.\0002\000.\0003\000.\0009\000\040\000s\000e\000t\000N\000a\000m\000e\000\050\000\051}{subsection.4.2.3}% 42
\BOOKMARK [3][-]{subsubsection.4.2.3.10}{\376\377\0004\000.\0002\000.\0003\000.\0001\0000\000\040\000s\000e\000t\000P\000u\000r\000c\000h\000a\000s\000e\000D\000a\000t\000e\000\050\000\051}{subsection.4.2.3}% 43
\BOOKMARK [3][-]{subsubsection.4.2.3.11}{\376\377\0004\000.\0002\000.\0003\000.\0001\0001\000\040\000s\000e\000t\000Q\000u\000a\000n\000t\000i\000t\000y\000\050\000\051}{subsection.4.2.3}% 44
\BOOKMARK [3][-]{subsubsection.4.2.3.12}{\376\377\0004\000.\0002\000.\0003\000.\0001\0002\000\040\000s\000e\000t\000T\000y\000p\000e\000\050\000\051}{subsection.4.2.3}% 45
\BOOKMARK [2][-]{subsection.4.2.4}{\376\377\0004\000.\0002\000.\0004\000\040\000M\000e\000m\000b\000e\000r\000\040\000D\000a\000t\000a\000\040\000D\000o\000c\000u\000m\000e\000n\000t\000a\000t\000i\000o\000n}{section.4.2}% 46
\BOOKMARK [3][-]{subsubsection.4.2.4.1}{\376\377\0004\000.\0002\000.\0004\000.\0001\000\040\000m\000\137\000i\000d}{subsection.4.2.4}% 47
\BOOKMARK [3][-]{subsubsection.4.2.4.2}{\376\377\0004\000.\0002\000.\0004\000.\0002\000\040\000m\000\137\000l\000o\000c\000a\000t\000i\000o\000n}{subsection.4.2.4}% 48
\BOOKMARK [3][-]{subsubsection.4.2.4.3}{\376\377\0004\000.\0002\000.\0004\000.\0003\000\040\000m\000\137\000n\000a\000m\000e}{subsection.4.2.4}% 49
\BOOKMARK [3][-]{subsubsection.4.2.4.4}{\376\377\0004\000.\0002\000.\0004\000.\0004\000\040\000m\000\137\000p\000u\000r\000c\000h\000a\000s\000e\000\137\000d\000a\000t\000e}{subsection.4.2.4}% 50
\BOOKMARK [3][-]{subsubsection.4.2.4.5}{\376\377\0004\000.\0002\000.\0004\000.\0005\000\040\000m\000\137\000q\000u\000a\000n\000t\000i\000t\000y}{subsection.4.2.4}% 51
\BOOKMARK [3][-]{subsubsection.4.2.4.6}{\376\377\0004\000.\0002\000.\0004\000.\0006\000\040\000m\000\137\000t\000y\000p\000e}{subsection.4.2.4}% 52
\BOOKMARK [1][-]{section.4.3}{\376\377\0004\000.\0003\000\040\000C\000S\000V\000R\000e\000p\000o\000r\000t\000\040\000C\000l\000a\000s\000s\000\040\000R\000e\000f\000e\000r\000e\000n\000c\000e}{chapter.4}% 53
\BOOKMARK [2][-]{subsection.4.3.1}{\376\377\0004\000.\0003\000.\0001\000\040\000D\000e\000t\000a\000i\000l\000e\000d\000\040\000D\000e\000s\000c\000r\000i\000p\000t\000i\000o\000n}{section.4.3}% 54
\BOOKMARK [2][-]{subsection.4.3.2}{\376\377\0004\000.\0003\000.\0002\000\040\000C\000o\000n\000s\000t\000r\000u\000c\000t\000o\000r\000\040\000\046\000\040\000D\000e\000s\000t\000r\000u\000c\000t\000o\000r\000\040\000D\000o\000c\000u\000m\000e\000n\000t\000a\000t\000i\000o\000n}{section.4.3}% 55
\BOOKMARK [3][-]{subsubsection.4.3.2.1}{\376\377\0004\000.\0003\000.\0002\000.\0001\000\040\000C\000S\000V\000R\000e\000p\000o\000r\000t\000\050\000\051}{subsection.4.3.2}% 56
\BOOKMARK [2][-]{subsection.4.3.3}{\376\377\0004\000.\0003\000.\0003\000\040\000M\000e\000m\000b\000e\000r\000\040\000F\000u\000n\000c\000t\000i\000o\000n\000\040\000D\000o\000c\000u\000m\000e\000n\000t\000a\000t\000i\000o\000n}{section.4.3}% 57
\BOOKMARK [3][-]{subsubsection.4.3.3.1}{\376\377\0004\000.\0003\000.\0003\000.\0001\000\040\000g\000e\000n\000e\000r\000a\000t\000e\000\050\000\051}{subsection.4.3.3}% 58
\BOOKMARK [1][-]{section.4.4}{\376\377\0004\000.\0004\000\040\000D\000a\000t\000a\000b\000a\000s\000e\000M\000a\000n\000a\000g\000e\000r\000\040\000C\000l\000a\000s\000s\000\040\000R\000e\000f\000e\000r\000e\000n\000c\000e}{chapter.4}% 59
\BOOKMARK [2][-]{subsection.4.4.1}{\376\377\0004\000.\0004\000.\0001\000\040\000D\000e\000t\000a\000i\000l\000e\000d\000\040\000D\000e\000s\000c\000r\000i\000p\000t\000i\000o\000n}{section.4.4}% 60
\BOOKMARK [2][-]{subsection.4.4.2}{\376\377\0004\000.\0004\000.\0002\000\040\000M\000e\000m\000b\000e\000r\000\040\000F\000u\000n\000c\000t\000i\000o\000n\000\040\000D\000o\000c\000u\000m\000e\000n\000t\000a\000t\000i\000o\000n}{section.4.4}% 61
\BOOKMARK [3][-]{subsubsection.4.4.2.1}{\376\377\0004\000.\0004\000.\0002\000.\0001\000\040\000g\000e\000t\000D\000a\000t\000a\000b\000a\000s\000e\000\050\000\051}{subsection.4.4.2}% 62
\BOOKMARK [2][-]{subsection.4.4.3}{\376\377\0004\000.\0004\000.\0003\000\040\000M\000e\000m\000b\000e\000r\000\040\000D\000a\000t\000a\000\040\000D\000o\000c\000u\000m\000e\000n\000t\000a\000t\000i\000o\000n}{section.4.4}% 63
\BOOKMARK [3][-]{subsubsection.4.4.3.1}{\376\377\0004\000.\0004\000.\0003\000.\0001\000\040\000d\000b}{subsection.4.4.3}% 64
\BOOKMARK [1][-]{section.4.5}{\376\377\0004\000.\0005\000\040\000I\000n\000v\000e\000n\000t\000o\000r\000y\000I\000t\000e\000m\000\040\000S\000t\000r\000u\000c\000t\000\040\000R\000e\000f\000e\000r\000e\000n\000c\000e}{chapter.4}% 65
\BOOKMARK [2][-]{subsection.4.5.1}{\376\377\0004\000.\0005\000.\0001\000\040\000D\000e\000t\000a\000i\000l\000e\000d\000\040\000D\000e\000s\000c\000r\000i\000p\000t\000i\000o\000n}{section.4.5}% 66
\BOOKMARK [2][-]{subsection.4.5.2}{\376\377\0004\000.\0005\000.\0002\000\040\000M\000e\000m\000b\000e\000r\000\040\000D\000a\000t\000a\000\040\000D\000o\000c\000u\000m\000e\000n\000t\000a\000t\000i\000o\000n}{section.4.5}% 67
\BOOKMARK [3][-]{subsubsection.4.5.2.1}{\376\377\0004\000.\0005\000.\0002\000.\0001\000\040\000c\000a\000n\000t\000i\000d\000a\000d}{subsection.4.5.2}% 68
\BOOKMARK [3][-]{subsubsection.4.5.2.2}{\376\377\0004\000.\0005\000.\0002\000.\0002\000\040\000f\000e\000c\000h\000a\000A\000d\000q\000u\000i\000s\000i\000c\000i\000o\000n}{subsection.4.5.2}% 69
\BOOKMARK [3][-]{subsubsection.4.5.2.3}{\376\377\0004\000.\0005\000.\0002\000.\0003\000\040\000i\000d}{subsection.4.5.2}% 70
\BOOKMARK [3][-]{subsubsection.4.5.2.4}{\376\377\0004\000.\0005\000.\0002\000.\0004\000\040\000n\000o\000m\000b\000r\000e}{subsection.4.5.2}% 71
\BOOKMARK [3][-]{subsubsection.4.5.2.5}{\376\377\0004\000.\0005\000.\0002\000.\0005\000\040\000t\000i\000p\000o}{subsection.4.5.2}% 72
\BOOKMARK [3][-]{subsubsection.4.5.2.6}{\376\377\0004\000.\0005\000.\0002\000.\0006\000\040\000u\000b\000i\000c\000a\000c\000i\000o\000n}{subsection.4.5.2}% 73
\BOOKMARK [1][-]{section.4.6}{\376\377\0004\000.\0006\000\040\000I\000n\000v\000e\000n\000t\000o\000r\000y\000M\000a\000n\000a\000g\000e\000r\000\040\000C\000l\000a\000s\000s\000\040\000R\000e\000f\000e\000r\000e\000n\000c\000e}{chapter.4}% 74
\BOOKMARK [2][-]{subsection.4.6.1}{\376\377\0004\000.\0006\000.\0001\000\040\000D\000e\000t\000a\000i\000l\000e\000d\000\040\000D\000e\000s\000c\000r\000i\000p\000t\000i\000o\000n}{section.4.6}% 75
\BOOKMARK [2][-]{subsection.4.6.2}{\376\377\0004\000.\0006\000.\0002\000\040\000C\000o\000n\000s\000t\000r\000u\000c\000t\000o\000r\000\040\000\046\000\040\000D\000e\000s\000t\000r\000u\000c\000t\000o\000r\000\040\000D\000o\000c\000u\000m\000e\000n\000t\000a\000t\000i\000o\000n}{section.4.6}% 76
\BOOKMARK [3][-]{subsubsection.4.6.2.1}{\376\377\0004\000.\0006\000.\0002\000.\0001\000\040\000I\000n\000v\000e\000n\000t\000o\000r\000y\000M\000a\000n\000a\000g\000e\000r\000\050\000\051}{subsection.4.6.2}% 77
\BOOKMARK [2][-]{subsection.4.6.3}{\376\377\0004\000.\0006\000.\0003\000\040\000M\000e\000m\000b\000e\000r\000\040\000F\000u\000n\000c\000t\000i\000o\000n\000\040\000D\000o\000c\000u\000m\000e\000n\000t\000a\000t\000i\000o\000n}{section.4.6}% 78
\BOOKMARK [3][-]{subsubsection.4.6.3.1}{\376\377\0004\000.\0006\000.\0003\000.\0001\000\040\000a\000d\000d\000I\000t\000e\000m\000\050\000\051}{subsection.4.6.3}% 79
\BOOKMARK [3][-]{subsubsection.4.6.3.2}{\376\377\0004\000.\0006\000.\0003\000.\0002\000\040\000c\000r\000e\000a\000t\000e\000T\000a\000b\000l\000e\000\050\000\051}{subsection.4.6.3}% 80
\BOOKMARK [3][-]{subsubsection.4.6.3.3}{\376\377\0004\000.\0006\000.\0003\000.\0003\000\040\000g\000e\000t\000A\000l\000l\000I\000t\000e\000m\000s\000\050\000\051}{subsection.4.6.3}% 81
\BOOKMARK [3][-]{subsubsection.4.6.3.4}{\376\377\0004\000.\0006\000.\0003\000.\0004\000\040\000g\000e\000t\000I\000t\000e\000m\000B\000y\000I\000d\000\050\000\051}{subsection.4.6.3}% 82
\BOOKMARK [3][-]{subsubsection.4.6.3.5}{\376\377\0004\000.\0006\000.\0003\000.\0005\000\040\000r\000e\000m\000o\000v\000e\000I\000t\000e\000m\000\050\000\051}{subsection.4.6.3}% 83
\BOOKMARK [3][-]{subsubsection.4.6.3.6}{\376\377\0004\000.\0006\000.\0003\000.\0006\000\040\000u\000p\000d\000a\000t\000e\000I\000t\000e\000m\000\050\000\051}{subsection.4.6.3}% 84
\BOOKMARK [3][-]{subsubsection.4.6.3.7}{\376\377\0004\000.\0006\000.\0003\000.\0007\000\040\000u\000p\000d\000a\000t\000e\000Q\000u\000a\000n\000t\000i\000t\000y\000\050\000\051}{subsection.4.6.3}% 85
\BOOKMARK [2][-]{subsection.4.6.4}{\376\377\0004\000.\0006\000.\0004\000\040\000M\000e\000m\000b\000e\000r\000\040\000D\000a\000t\000a\000\040\000D\000o\000c\000u\000m\000e\000n\000t\000a\000t\000i\000o\000n}{section.4.6}% 86
\BOOKMARK [3][-]{subsubsection.4.6.4.1}{\376\377\0004\000.\0006\000.\0004\000.\0001\000\040\000d\000b}{subsection.4.6.4}% 87
\BOOKMARK [1][-]{section.4.7}{\376\377\0004\000.\0007\000\040\000L\000o\000w\000S\000t\000o\000c\000k\000D\000e\000l\000e\000g\000a\000t\000e\000\040\000C\000l\000a\000s\000s\000\040\000R\000e\000f\000e\000r\000e\000n\000c\000e}{chapter.4}% 88
\BOOKMARK [2][-]{subsection.4.7.1}{\376\377\0004\000.\0007\000.\0001\000\040\000D\000e\000t\000a\000i\000l\000e\000d\000\040\000D\000e\000s\000c\000r\000i\000p\000t\000i\000o\000n}{section.4.7}% 89
\BOOKMARK [2][-]{subsection.4.7.2}{\376\377\0004\000.\0007\000.\0002\000\040\000C\000o\000n\000s\000t\000r\000u\000c\000t\000o\000r\000\040\000\046\000\040\000D\000e\000s\000t\000r\000u\000c\000t\000o\000r\000\040\000D\000o\000c\000u\000m\000e\000n\000t\000a\000t\000i\000o\000n}{section.4.7}% 90
\BOOKMARK [3][-]{subsubsection.4.7.2.1}{\376\377\0004\000.\0007\000.\0002\000.\0001\000\040\000L\000o\000w\000S\000t\000o\000c\000k\000D\000e\000l\000e\000g\000a\000t\000e\000\050\000\051}{subsection.4.7.2}% 91
\BOOKMARK [2][-]{subsection.4.7.3}{\376\377\0004\000.\0007\000.\0003\000\040\000M\000e\000m\000b\000e\000r\000\040\000F\000u\000n\000c\000t\000i\000o\000n\000\040\000D\000o\000c\000u\000m\000e\000n\000t\000a\000t\000i\000o\000n}{section.4.7}% 92
\BOOKMARK [3][-]{subsubsection.4.7.3.1}{\376\377\0004\000.\0007\000.\0003\000.\0001\000\040\000p\000a\000i\000n\000t\000\050\000\051}{subsection.4.7.3}% 93
\BOOKMARK [2][-]{subsection.4.7.4}{\376\377\0004\000.\0007\000.\0004\000\040\000M\000e\000m\000b\000e\000r\000\040\000D\000a\000t\000a\000\040\000D\000o\000c\000u\000m\000e\000n\000t\000a\000t\000i\000o\000n}{section.4.7}% 94
\BOOKMARK [3][-]{subsubsection.4.7.4.1}{\376\377\0004\000.\0007\000.\0004\000.\0001\000\040\000l\000i\000m\000i\000t}{subsection.4.7.4}% 95
\BOOKMARK [1][-]{section.4.8}{\376\377\0004\000.\0008\000\040\000M\000a\000i\000n\000W\000i\000n\000d\000o\000w\000\040\000C\000l\000a\000s\000s\000\040\000R\000e\000f\000e\000r\000e\000n\000c\000e}{chapter.4}% 96
\BOOKMARK [2][-]{subsection.4.8.1}{\376\377\0004\000.\0008\000.\0001\000\040\000D\000e\000t\000a\000i\000l\000e\000d\000\040\000D\000e\000s\000c\000r\000i\000p\000t\000i\000o\000n}{section.4.8}% 97
\BOOKMARK [2][-]{subsection.4.8.2}{\376\377\0004\000.\0008\000.\0002\000\040\000C\000o\000n\000s\000t\000r\000u\000c\000t\000o\000r\000\040\000\046\000\040\000D\000e\000s\000t\000r\000u\000c\000t\000o\000r\000\040\000D\000o\000c\000u\000m\000e\000n\000t\000a\000t\000i\000o\000n}{section.4.8}% 98
\BOOKMARK [3][-]{subsubsection.4.8.2.1}{\376\377\0004\000.\0008\000.\0002\000.\0001\000\040\000M\000a\000i\000n\000W\000i\000n\000d\000o\000w\000\050\000\051}{subsection.4.8.2}% 99
\BOOKMARK [2][-]{subsection.4.8.3}{\376\377\0004\000.\0008\000.\0003\000\040\000M\000e\000m\000b\000e\000r\000\040\000F\000u\000n\000c\000t\000i\000o\000n\000\040\000D\000o\000c\000u\000m\000e\000n\000t\000a\000t\000i\000o\000n}{section.4.8}% 100
\BOOKMARK [3][-]{subsubsection.4.8.3.1}{\376\377\0004\000.\0008\000.\0003\000.\0001\000\040\000c\000h\000e\000c\000k\000L\000o\000w\000S\000t\000o\000c\000k\000O\000n\000S\000t\000a\000r\000t\000\050\000\051}{subsection.4.8.3}% 101
\BOOKMARK [3][-]{subsubsection.4.8.3.2}{\376\377\0004\000.\0008\000.\0003\000.\0002\000\040\000o\000n\000A\000d\000d}{subsection.4.8.3}% 102
\BOOKMARK [3][-]{subsubsection.4.8.3.3}{\376\377\0004\000.\0008\000.\0003\000.\0003\000\040\000o\000n\000D\000e\000l\000e\000t\000e}{subsection.4.8.3}% 103
\BOOKMARK [3][-]{subsubsection.4.8.3.4}{\376\377\0004\000.\0008\000.\0003\000.\0004\000\040\000o\000n\000E\000d\000i\000t}{subsection.4.8.3}% 104
\BOOKMARK [3][-]{subsubsection.4.8.3.5}{\376\377\0004\000.\0008\000.\0003\000.\0005\000\040\000o\000n\000E\000x\000p\000o\000r\000t}{subsection.4.8.3}% 105
\BOOKMARK [3][-]{subsubsection.4.8.3.6}{\376\377\0004\000.\0008\000.\0003\000.\0006\000\040\000o\000n\000L\000o\000a\000d\000D\000e\000f\000a\000u\000l\000t\000s\000\050\000\051}{subsection.4.8.3}% 106
\BOOKMARK [3][-]{subsubsection.4.8.3.7}{\376\377\0004\000.\0008\000.\0003\000.\0007\000\040\000o\000n\000L\000o\000w\000S\000t\000o\000c\000k}{subsection.4.8.3}% 107
\BOOKMARK [3][-]{subsubsection.4.8.3.8}{\376\377\0004\000.\0008\000.\0003\000.\0008\000\040\000o\000n\000R\000e\000s\000t\000o\000r\000e\000D\000e\000f\000a\000u\000l\000t\000s\000\050\000\051}{subsection.4.8.3}% 108
\BOOKMARK [3][-]{subsubsection.4.8.3.9}{\376\377\0004\000.\0008\000.\0003\000.\0009\000\040\000o\000n\000S\000e\000a\000r\000c\000h}{subsection.4.8.3}% 109
\BOOKMARK [3][-]{subsubsection.4.8.3.10}{\376\377\0004\000.\0008\000.\0003\000.\0001\0000\000\040\000r\000e\000f\000r\000e\000s\000h\000M\000o\000d\000e\000l\000\050\000\051}{subsection.4.8.3}% 110
\BOOKMARK [2][-]{subsection.4.8.4}{\376\377\0004\000.\0008\000.\0004\000\040\000M\000e\000m\000b\000e\000r\000\040\000D\000a\000t\000a\000\040\000D\000o\000c\000u\000m\000e\000n\000t\000a\000t\000i\000o\000n}{section.4.8}% 111
\BOOKMARK [3][-]{subsubsection.4.8.4.1}{\376\377\0004\000.\0008\000.\0004\000.\0001\000\040\000l\000o\000w\000S\000t\000o\000c\000k\000T\000h\000r\000e\000s\000h\000o\000l\000d}{subsection.4.8.4}% 112
\BOOKMARK [3][-]{subsubsection.4.8.4.2}{\376\377\0004\000.\0008\000.\0004\000.\0002\000\040\000m\000a\000n\000a\000g\000e\000r}{subsection.4.8.4}% 113
\BOOKMARK [3][-]{subsubsection.4.8.4.3}{\376\377\0004\000.\0008\000.\0004\000.\0003\000\040\000m\000o\000d\000e\000l}{subsection.4.8.4}% 114
\BOOKMARK [3][-]{subsubsection.4.8.4.4}{\376\377\0004\000.\0008\000.\0004\000.\0004\000\040\000p\000r\000o\000x\000y}{subsection.4.8.4}% 115
\BOOKMARK [3][-]{subsubsection.4.8.4.5}{\376\377\0004\000.\0008\000.\0004\000.\0005\000\040\000s\000e\000a\000r\000c\000h\000E\000d\000i\000t}{subsection.4.8.4}% 116
\BOOKMARK [3][-]{subsubsection.4.8.4.6}{\376\377\0004\000.\0008\000.\0004\000.\0006\000\040\000t\000a\000b\000l\000e\000V\000i\000e\000w}{subsection.4.8.4}% 117
\BOOKMARK [0][-]{chapter.5}{\376\377\0005\000\040\000F\000i\000l\000e\000\040\000D\000o\000c\000u\000m\000e\000n\000t\000a\000t\000i\000o\000n}{}% 118
\BOOKMARK [1][-]{section.5.1}{\376\377\0005\000.\0001\000\040\000i\000n\000c\000l\000u\000d\000e\000/\000c\000o\000m\000p\000o\000n\000e\000n\000t\000.\000h\000\040\000F\000i\000l\000e\000\040\000R\000e\000f\000e\000r\000e\000n\000c\000e}{chapter.5}% 119
\BOOKMARK [1][-]{section.5.2}{\376\377\0005\000.\0002\000\040\000c\000o\000m\000p\000o\000n\000e\000n\000t\000.\000h}{chapter.5}% 120
\BOOKMARK [1][-]{section.5.3}{\376\377\0005\000.\0003\000\040\000i\000n\000c\000l\000u\000d\000e\000/\000D\000a\000t\000a\000b\000a\000s\000e\000M\000a\000n\000a\000g\000e\000r\000.\000h\000\040\000F\000i\000l\000e\000\040\000R\000e\000f\000e\000r\000e\000n\000c\000e}{chapter.5}% 121
\BOOKMARK [1][-]{section.5.4}{\376\377\0005\000.\0004\000\040\000D\000a\000t\000a\000b\000a\000s\000e\000M\000a\000n\000a\000g\000e\000r\000.\000h}{chapter.5}% 122
\BOOKMARK [1][-]{section.5.5}{\376\377\0005\000.\0005\000\040\000i\000n\000c\000l\000u\000d\000e\000/\000d\000e\000l\000e\000g\000a\000t\000e\000.\000h\000\040\000F\000i\000l\000e\000\040\000R\000e\000f\000e\000r\000e\000n\000c\000e}{chapter.5}% 123
\BOOKMARK [1][-]{section.5.6}{\376\377\0005\000.\0006\000\040\000d\000e\000l\000e\000g\000a\000t\000e\000.\000h}{chapter.5}% 124
\BOOKMARK [1][-]{section.5.7}{\376\377\0005\000.\0007\000\040\000i\000n\000c\000l\000u\000d\000e\000/\000I\000n\000v\000e\000n\000t\000o\000r\000y\000M\000a\000n\000a\000g\000e\000r\000.\000h\000\040\000F\000i\000l\000e\000\040\000R\000e\000f\000e\000r\000e\000n\000c\000e}{chapter.5}% 125
\BOOKMARK [1][-]{section.5.8}{\376\377\0005\000.\0008\000\040\000I\000n\000v\000e\000n\000t\000o\000r\000y\000M\000a\000n\000a\000g\000e\000r\000.\000h}{chapter.5}% 126
\BOOKMARK [1][-]{section.5.9}{\376\377\0005\000.\0009\000\040\000i\000n\000c\000l\000u\000d\000e\000/\000m\000a\000i\000n\000w\000i\000n\000d\000o\000w\000.\000h\000\040\000F\000i\000l\000e\000\040\000R\000e\000f\000e\000r\000e\000n\000c\000e}{chapter.5}% 127
\BOOKMARK [1][-]{section.5.10}{\376\377\0005\000.\0001\0000\000\040\000m\000a\000i\000n\000w\000i\000n\000d\000o\000w\000.\000h}{chapter.5}% 128
\BOOKMARK [1][-]{section.5.11}{\376\377\0005\000.\0001\0001\000\040\000i\000n\000c\000l\000u\000d\000e\000/\000r\000e\000p\000o\000r\000t\000.\000h\000\040\000F\000i\000l\000e\000\040\000R\000e\000f\000e\000r\000e\000n\000c\000e}{chapter.5}% 129
\BOOKMARK [1][-]{section.5.12}{\376\377\0005\000.\0001\0002\000\040\000r\000e\000p\000o\000r\000t\000.\000h}{chapter.5}% 130
\BOOKMARK [1][-]{section.5.13}{\376\377\0005\000.\0001\0003\000\040\000s\000r\000c\000/\000c\000o\000m\000p\000o\000n\000e\000n\000t\000.\000c\000p\000p\000\040\000F\000i\000l\000e\000\040\000R\000e\000f\000e\000r\000e\000n\000c\000e}{chapter.5}% 131
\BOOKMARK [1][-]{section.5.14}{\376\377\0005\000.\0001\0004\000\040\000c\000o\000m\000p\000o\000n\000e\000n\000t\000.\000c\000p\000p}{chapter.5}% 132
\BOOKMARK [1][-]{section.5.15}{\376\377\0005\000.\0001\0005\000\040\000s\000r\000c\000/\000D\000a\000t\000a\000b\000a\000s\000e\000M\000a\000n\000a\000g\000e\000r\000.\000c\000p\000p\000\040\000F\000i\000l\000e\000\040\000R\000e\000f\000e\000r\000e\000n\000c\000e}{chapter.5}% 133
\BOOKMARK [1][-]{section.5.16}{\376\377\0005\000.\0001\0006\000\040\000D\000a\000t\000a\000b\000a\000s\000e\000M\000a\000n\000a\000g\000e\000r\000.\000c\000p\000p}{chapter.5}% 134
\BOOKMARK [1][-]{section.5.17}{\376\377\0005\000.\0001\0007\000\040\000s\000r\000c\000/\000I\000n\000v\000e\000n\000t\000o\000r\000y\000M\000a\000n\000a\000g\000e\000r\000.\000c\000p\000p\000\040\000F\000i\000l\000e\000\040\000R\000e\000f\000e\000r\000e\000n\000c\000e}{chapter.5}% 135
\BOOKMARK [1][-]{section.5.18}{\376\377\0005\000.\0001\0008\000\040\000I\000n\000v\000e\000n\000t\000o\000r\000y\000M\000a\000n\000a\000g\000e\000r\000.\000c\000p\000p}{chapter.5}% 136
\BOOKMARK [1][-]{section.5.19}{\376\377\0005\000.\0001\0009\000\040\000s\000r\000c\000/\000m\000a\000i\000n\000.\000c\000p\000p\000\040\000F\000i\000l\000e\000\040\000R\000e\000f\000e\000r\000e\000n\000c\000e}{chapter.5}% 137
\BOOKMARK [2][-]{subsection.5.19.1}{\376\377\0005\000.\0001\0009\000.\0001\000\040\000D\000e\000t\000a\000i\000l\000e\000d\000\040\000D\000e\000s\000c\000r\000i\000p\000t\000i\000o\000n}{section.5.19}% 138
\BOOKMARK [2][-]{subsection.5.19.2}{\376\377\0005\000.\0001\0009\000.\0002\000\040\000F\000u\000n\000c\000t\000i\000o\000n\000\040\000D\000o\000c\000u\000m\000e\000n\000t\000a\000t\000i\000o\000n}{section.5.19}% 139
\BOOKMARK [3][-]{subsubsection.5.19.2.1}{\376\377\0005\000.\0001\0009\000.\0002\000.\0001\000\040\000m\000a\000i\000n\000\050\000\051}{subsection.5.19.2}% 140
\BOOKMARK [1][-]{section.5.20}{\376\377\0005\000.\0002\0000\000\040\000m\000a\000i\000n\000.\000c\000p\000p}{chapter.5}% 141
\BOOKMARK [1][-]{section.5.21}{\376\377\0005\000.\0002\0001\000\040\000s\000r\000c\000/\000m\000a\000i\000n\000w\000i\000n\000d\000o\000w\000.\000c\000p\000p\000\040\000F\000i\000l\000e\000\040\000R\000e\000f\000e\000r\000e\000n\000c\000e}{chapter.5}% 142
\BOOKMARK [2][-]{subsection.5.21.1}{\376\377\0005\000.\0002\0001\000.\0001\000\040\000D\000e\000t\000a\000i\000l\000e\000d\000\040\000D\000e\000s\000c\000r\000i\000p\000t\000i\000o\000n}{section.5.21}% 143
\BOOKMARK [2][-]{subsection.5.21.2}{\376\377\0005\000.\0002\0001\000.\0002\000\040\000F\000u\000n\000c\000t\000i\000o\000n\000\040\000D\000o\000c\000u\000m\000e\000n\000t\000a\000t\000i\000o\000n}{section.5.21}% 144
\BOOKMARK [3][-]{subsubsection.5.21.2.1}{\376\377\0005\000.\0002\0001\000.\0002\000.\0001\000\040\000d\000a\000t\000e\000T\000o\000S\000t\000r\000i\000n\000g\000\050\000\051}{subsection.5.21.2}% 145
\BOOKMARK [3][-]{subsubsection.5.21.2.2}{\376\377\0005\000.\0002\0001\000.\0002\000.\0002\000\040\000i\000n\000v\000e\000n\000t\000o\000r\000y\000I\000t\000e\000m\000T\000o\000C\000o\000m\000p\000o\000n\000e\000n\000t\000\050\000\051}{subsection.5.21.2}% 146
\BOOKMARK [1][-]{section.5.22}{\376\377\0005\000.\0002\0002\000\040\000m\000a\000i\000n\000w\000i\000n\000d\000o\000w\000.\000c\000p\000p}{chapter.5}% 147
\BOOKMARK [1][-]{section.5.23}{\376\377\0005\000.\0002\0003\000\040\000s\000r\000c\000/\000r\000e\000p\000o\000r\000t\000.\000c\000p\000p\000\040\000F\000i\000l\000e\000\040\000R\000e\000f\000e\000r\000e\000n\000c\000e}{chapter.5}% 148
\BOOKMARK [1][-]{section.5.24}{\376\377\0005\000.\0002\0004\000\040\000r\000e\000p\000o\000r\000t\000.\000c\000p\000p}{chapter.5}% 149
